running egg_info
creating /home/haruki/my_turtlebot3_ws/build/py_turtlebot3_gazebo/py_turtlebot3_gazebo.egg-info
writing /home/haruki/my_turtlebot3_ws/build/py_turtlebot3_gazebo/py_turtlebot3_gazebo.egg-info/PKG-INFO
writing dependency_links to /home/haruki/my_turtlebot3_ws/build/py_turtlebot3_gazebo/py_turtlebot3_gazebo.egg-info/dependency_links.txt
writing entry points to /home/haruki/my_turtlebot3_ws/build/py_turtlebot3_gazebo/py_turtlebot3_gazebo.egg-info/entry_points.txt
writing requirements to /home/haruki/my_turtlebot3_ws/build/py_turtlebot3_gazebo/py_turtlebot3_gazebo.egg-info/requires.txt
writing top-level names to /home/haruki/my_turtlebot3_ws/build/py_turtlebot3_gazebo/py_turtlebot3_gazebo.egg-info/top_level.txt
writing manifest file '/home/haruki/my_turtlebot3_ws/build/py_turtlebot3_gazebo/py_turtlebot3_gazebo.egg-info/SOURCES.txt'
reading manifest file '/home/haruki/my_turtlebot3_ws/build/py_turtlebot3_gazebo/py_turtlebot3_gazebo.egg-info/SOURCES.txt'
writing manifest file '/home/haruki/my_turtlebot3_ws/build/py_turtlebot3_gazebo/py_turtlebot3_gazebo.egg-info/SOURCES.txt'
running build
running build_py
creating /home/haruki/my_turtlebot3_ws/build/py_turtlebot3_gazebo/build
creating /home/haruki/my_turtlebot3_ws/build/py_turtlebot3_gazebo/build/lib
creating /home/haruki/my_turtlebot3_ws/build/py_turtlebot3_gazebo/build/lib/py_turtlebot3_gazebo
copying py_turtlebot3_gazebo/py_turtlebot3_drive.py -> /home/haruki/my_turtlebot3_ws/build/py_turtlebot3_gazebo/build/lib/py_turtlebot3_gazebo
copying py_turtlebot3_gazebo/__init__.py -> /home/haruki/my_turtlebot3_ws/build/py_turtlebot3_gazebo/build/lib/py_turtlebot3_gazebo
copying py_turtlebot3_gazebo/py_turtlebot3_sub.py -> /home/haruki/my_turtlebot3_ws/build/py_turtlebot3_gazebo/build/lib/py_turtlebot3_gazebo
running install
running install_lib
creating /home/haruki/my_turtlebot3_ws/install/py_turtlebot3_gazebo/lib/python3.8/site-packages/py_turtlebot3_gazebo
copying /home/haruki/my_turtlebot3_ws/build/py_turtlebot3_gazebo/build/lib/py_turtlebot3_gazebo/py_turtlebot3_drive.py -> /home/haruki/my_turtlebot3_ws/install/py_turtlebot3_gazebo/lib/python3.8/site-packages/py_turtlebot3_gazebo
copying /home/haruki/my_turtlebot3_ws/build/py_turtlebot3_gazebo/build/lib/py_turtlebot3_gazebo/__init__.py -> /home/haruki/my_turtlebot3_ws/install/py_turtlebot3_gazebo/lib/python3.8/site-packages/py_turtlebot3_gazebo
copying /home/haruki/my_turtlebot3_ws/build/py_turtlebot3_gazebo/build/lib/py_turtlebot3_gazebo/py_turtlebot3_sub.py -> /home/haruki/my_turtlebot3_ws/install/py_turtlebot3_gazebo/lib/python3.8/site-packages/py_turtlebot3_gazebo
byte-compiling /home/haruki/my_turtlebot3_ws/install/py_turtlebot3_gazebo/lib/python3.8/site-packages/py_turtlebot3_gazebo/py_turtlebot3_drive.py to py_turtlebot3_drive.cpython-38.pyc
byte-compiling /home/haruki/my_turtlebot3_ws/install/py_turtlebot3_gazebo/lib/python3.8/site-packages/py_turtlebot3_gazebo/__init__.py to __init__.cpython-38.pyc
byte-compiling /home/haruki/my_turtlebot3_ws/install/py_turtlebot3_gazebo/lib/python3.8/site-packages/py_turtlebot3_gazebo/py_turtlebot3_sub.py to py_turtlebot3_sub.cpython-38.pyc
running install_data
creating /home/haruki/my_turtlebot3_ws/install/py_turtlebot3_gazebo/share/ament_index
creating /home/haruki/my_turtlebot3_ws/install/py_turtlebot3_gazebo/share/ament_index/resource_index
creating /home/haruki/my_turtlebot3_ws/install/py_turtlebot3_gazebo/share/ament_index/resource_index/packages
copying resource/py_turtlebot3_gazebo -> /home/haruki/my_turtlebot3_ws/install/py_turtlebot3_gazebo/share/ament_index/resource_index/packages
copying package.xml -> /home/haruki/my_turtlebot3_ws/install/py_turtlebot3_gazebo/share/py_turtlebot3_gazebo
running install_egg_info
Copying /home/haruki/my_turtlebot3_ws/build/py_turtlebot3_gazebo/py_turtlebot3_gazebo.egg-info to /home/haruki/my_turtlebot3_ws/install/py_turtlebot3_gazebo/lib/python3.8/site-packages/py_turtlebot3_gazebo-0.0.0-py3.8.egg-info
running install_scripts
Installing py_turtlebot3_drive = py_turtlebot3_gazebo.py_turtlebot3_drive:mainpy_turtlebot3_sub script to /home/haruki/my_turtlebot3_ws/install/py_turtlebot3_gazebo/lib/py_turtlebot3_gazebo
writing list of installed files to '/home/haruki/my_turtlebot3_ws/build/py_turtlebot3_gazebo/install.log'
