[0.029s] Invoking command in '/home/haruki/my_turtlebot3_ws/build/cpp_turtlebot_scan': CMAKE_PREFIX_PATH=${CMAKE_PREFIX_PATH}:/home/haruki/my_turtlebot3_ws/install/py_turtlebot3_gazebo:/home/haruki/turtlebot3_ws/install/turtlebot3_teleop:/home/haruki/turtlebot3_ws/install/turtlebot3_example:/opt/ros/foxy /usr/bin/cmake --build /home/haruki/my_turtlebot3_ws/build/cpp_turtlebot_scan -- -j12 -l12
[0.077s] [100%] Built target cpp_turtlebot3_gazebo
[0.239s] Invoked command in '/home/haruki/my_turtlebot3_ws/build/cpp_turtlebot_scan' returned '0': CMAKE_PREFIX_PATH=${CMAKE_PREFIX_PATH}:/home/haruki/my_turtlebot3_ws/install/py_turtlebot3_gazebo:/home/haruki/turtlebot3_ws/install/turtlebot3_teleop:/home/haruki/turtlebot3_ws/install/turtlebot3_example:/opt/ros/foxy /usr/bin/cmake --build /home/haruki/my_turtlebot3_ws/build/cpp_turtlebot_scan -- -j12 -l12
[0.272s] Invoking command in '/home/haruki/my_turtlebot3_ws/build/cpp_turtlebot_scan': CMAKE_PREFIX_PATH=${CMAKE_PREFIX_PATH}:/home/haruki/my_turtlebot3_ws/install/py_turtlebot3_gazebo:/home/haruki/turtlebot3_ws/install/turtlebot3_teleop:/home/haruki/turtlebot3_ws/install/turtlebot3_example:/opt/ros/foxy /usr/bin/cmake --install /home/haruki/my_turtlebot3_ws/build/cpp_turtlebot_scan
[0.280s] -- Install configuration: ""
[0.280s] -- Up-to-date: /home/haruki/my_turtlebot3_ws/install/cpp_turtlebot_scan/lib/cpp_turtlebot_scan/cpp_turtlebot3_gazebo
[0.280s] -- Up-to-date: /home/haruki/my_turtlebot3_ws/install/cpp_turtlebot_scan/share/ament_index/resource_index/package_run_dependencies/cpp_turtlebot_scan
[0.281s] -- Up-to-date: /home/haruki/my_turtlebot3_ws/install/cpp_turtlebot_scan/share/ament_index/resource_index/parent_prefix_path/cpp_turtlebot_scan
[0.281s] -- Up-to-date: /home/haruki/my_turtlebot3_ws/install/cpp_turtlebot_scan/share/cpp_turtlebot_scan/environment/ament_prefix_path.sh
[0.281s] -- Up-to-date: /home/haruki/my_turtlebot3_ws/install/cpp_turtlebot_scan/share/cpp_turtlebot_scan/environment/ament_prefix_path.dsv
[0.281s] -- Up-to-date: /home/haruki/my_turtlebot3_ws/install/cpp_turtlebot_scan/share/cpp_turtlebot_scan/environment/path.sh
[0.281s] -- Up-to-date: /home/haruki/my_turtlebot3_ws/install/cpp_turtlebot_scan/share/cpp_turtlebot_scan/environment/path.dsv
[0.281s] -- Up-to-date: /home/haruki/my_turtlebot3_ws/install/cpp_turtlebot_scan/share/cpp_turtlebot_scan/local_setup.bash
[0.281s] -- Up-to-date: /home/haruki/my_turtlebot3_ws/install/cpp_turtlebot_scan/share/cpp_turtlebot_scan/local_setup.sh
[0.281s] -- Up-to-date: /home/haruki/my_turtlebot3_ws/install/cpp_turtlebot_scan/share/cpp_turtlebot_scan/local_setup.zsh
[0.281s] -- Up-to-date: /home/haruki/my_turtlebot3_ws/install/cpp_turtlebot_scan/share/cpp_turtlebot_scan/local_setup.dsv
[0.281s] -- Installing: /home/haruki/my_turtlebot3_ws/install/cpp_turtlebot_scan/share/cpp_turtlebot_scan/package.dsv
[0.281s] -- Up-to-date: /home/haruki/my_turtlebot3_ws/install/cpp_turtlebot_scan/share/ament_index/resource_index/packages/cpp_turtlebot_scan
[0.281s] -- Up-to-date: /home/haruki/my_turtlebot3_ws/install/cpp_turtlebot_scan/share/cpp_turtlebot_scan/cmake/cpp_turtlebot_scanConfig.cmake
[0.281s] -- Up-to-date: /home/haruki/my_turtlebot3_ws/install/cpp_turtlebot_scan/share/cpp_turtlebot_scan/cmake/cpp_turtlebot_scanConfig-version.cmake
[0.281s] -- Up-to-date: /home/haruki/my_turtlebot3_ws/install/cpp_turtlebot_scan/share/cpp_turtlebot_scan/package.xml
[0.286s] Invoked command in '/home/haruki/my_turtlebot3_ws/build/cpp_turtlebot_scan' returned '0': CMAKE_PREFIX_PATH=${CMAKE_PREFIX_PATH}:/home/haruki/my_turtlebot3_ws/install/py_turtlebot3_gazebo:/home/haruki/turtlebot3_ws/install/turtlebot3_teleop:/home/haruki/turtlebot3_ws/install/turtlebot3_example:/opt/ros/foxy /usr/bin/cmake --install /home/haruki/my_turtlebot3_ws/build/cpp_turtlebot_scan
