[0.021s] Invoking command in '/home/haruki/my_turtlebot3_ws/build/my_turtlebot3_gazebo': CMAKE_PREFIX_PATH=${CMAKE_PREFIX_PATH}:/home/haruki/my_turtlebot3_ws/install/py_turtlebot3_gazebo:/home/haruki/turtlebot3_ws/install/turtlebot3_teleop:/home/haruki/turtlebot3_ws/install/turtlebot3_example:/opt/ros/foxy /usr/bin/cmake --build /home/haruki/my_turtlebot3_ws/build/my_turtlebot3_gazebo -- -j12 -l12
[0.065s] [35m[1mScanning dependencies of target my_turtlebot3_drive[0m
[0.092s] [ 50%] [32mBuilding CXX object CMakeFiles/my_turtlebot3_drive.dir/src/turtlebot3_drive.cpp.o[0m
[5.970s] [100%] [32m[1mLinking CXX executable my_turtlebot3_drive[0m
[6.291s] [100%] Built target my_turtlebot3_drive
[6.302s] Invoked command in '/home/haruki/my_turtlebot3_ws/build/my_turtlebot3_gazebo' returned '0': CMAKE_PREFIX_PATH=${CMAKE_PREFIX_PATH}:/home/haruki/my_turtlebot3_ws/install/py_turtlebot3_gazebo:/home/haruki/turtlebot3_ws/install/turtlebot3_teleop:/home/haruki/turtlebot3_ws/install/turtlebot3_example:/opt/ros/foxy /usr/bin/cmake --build /home/haruki/my_turtlebot3_ws/build/my_turtlebot3_gazebo -- -j12 -l12
[6.330s] Invoking command in '/home/haruki/my_turtlebot3_ws/build/my_turtlebot3_gazebo': CMAKE_PREFIX_PATH=${CMAKE_PREFIX_PATH}:/home/haruki/my_turtlebot3_ws/install/py_turtlebot3_gazebo:/home/haruki/turtlebot3_ws/install/turtlebot3_teleop:/home/haruki/turtlebot3_ws/install/turtlebot3_example:/opt/ros/foxy /usr/bin/cmake --install /home/haruki/my_turtlebot3_ws/build/my_turtlebot3_gazebo
[6.340s] -- Install configuration: ""
[6.340s] -- Installing: /home/haruki/my_turtlebot3_ws/install/my_turtlebot3_gazebo/lib/my_turtlebot3_gazebo/my_turtlebot3_drive
[6.342s] -- Set runtime path of "/home/haruki/my_turtlebot3_ws/install/my_turtlebot3_gazebo/lib/my_turtlebot3_gazebo/my_turtlebot3_drive" to ""
[6.342s] -- Up-to-date: /home/haruki/my_turtlebot3_ws/install/my_turtlebot3_gazebo/share/my_turtlebot3_gazebo//launch
[6.342s] -- Up-to-date: /home/haruki/my_turtlebot3_ws/install/my_turtlebot3_gazebo/share/my_turtlebot3_gazebo//launch/turtlebot3_world.launch.py
[6.343s] -- Up-to-date: /home/haruki/my_turtlebot3_ws/install/my_turtlebot3_gazebo/share/my_turtlebot3_gazebo//launch/empty_world.launch.py
[6.343s] -- Up-to-date: /home/haruki/my_turtlebot3_ws/install/my_turtlebot3_gazebo/share/my_turtlebot3_gazebo//launch/turtlebot3_house.launch.py
[6.343s] -- Up-to-date: /home/haruki/my_turtlebot3_ws/install/my_turtlebot3_gazebo/share/my_turtlebot3_gazebo//launch/robot_state_publisher.launch.py
[6.343s] -- Up-to-date: /home/haruki/my_turtlebot3_ws/install/my_turtlebot3_gazebo/share/my_turtlebot3_gazebo//launch/turtlebot3_autorace.launch.py
[6.343s] -- Up-to-date: /home/haruki/my_turtlebot3_ws/install/my_turtlebot3_gazebo/share/my_turtlebot3_gazebo//launch/turtlebot3_dqn_stage2.launch.py
[6.343s] -- Up-to-date: /home/haruki/my_turtlebot3_ws/install/my_turtlebot3_gazebo/share/my_turtlebot3_gazebo//launch/turtlebot3_dqn_stage1.launch.py
[6.343s] -- Up-to-date: /home/haruki/my_turtlebot3_ws/install/my_turtlebot3_gazebo/share/my_turtlebot3_gazebo//launch/turtlebot3_dqn_stage4.launch.py
[6.343s] -- Up-to-date: /home/haruki/my_turtlebot3_ws/install/my_turtlebot3_gazebo/share/my_turtlebot3_gazebo//launch/turtlebot3_dqn_stage3.launch.py
[6.343s] -- Up-to-date: /home/haruki/my_turtlebot3_ws/install/my_turtlebot3_gazebo/share/my_turtlebot3_gazebo//models
[6.344s] -- Up-to-date: /home/haruki/my_turtlebot3_ws/install/my_turtlebot3_gazebo/share/my_turtlebot3_gazebo//models/turtlebot3_autorace
[6.344s] -- Up-to-date: /home/haruki/my_turtlebot3_ws/install/my_turtlebot3_gazebo/share/my_turtlebot3_gazebo//models/turtlebot3_autorace/course
[6.344s] -- Up-to-date: /home/haruki/my_turtlebot3_ws/install/my_turtlebot3_gazebo/share/my_turtlebot3_gazebo//models/turtlebot3_autorace/course/model.config
[6.344s] -- Up-to-date: /home/haruki/my_turtlebot3_ws/install/my_turtlebot3_gazebo/share/my_turtlebot3_gazebo//models/turtlebot3_autorace/course/materials
[6.344s] -- Up-to-date: /home/haruki/my_turtlebot3_ws/install/my_turtlebot3_gazebo/share/my_turtlebot3_gazebo//models/turtlebot3_autorace/course/materials/textures
[6.344s] -- Up-to-date: /home/haruki/my_turtlebot3_ws/install/my_turtlebot3_gazebo/share/my_turtlebot3_gazebo//models/turtlebot3_autorace/course/materials/textures/course.png
[6.344s] -- Up-to-date: /home/haruki/my_turtlebot3_ws/install/my_turtlebot3_gazebo/share/my_turtlebot3_gazebo//models/turtlebot3_autorace/course/materials/scripts
[6.344s] -- Up-to-date: /home/haruki/my_turtlebot3_ws/install/my_turtlebot3_gazebo/share/my_turtlebot3_gazebo//models/turtlebot3_autorace/course/materials/scripts/course.material
[6.344s] -- Up-to-date: /home/haruki/my_turtlebot3_ws/install/my_turtlebot3_gazebo/share/my_turtlebot3_gazebo//models/turtlebot3_autorace/course/model.sdf
[6.345s] -- Up-to-date: /home/haruki/my_turtlebot3_ws/install/my_turtlebot3_gazebo/share/my_turtlebot3_gazebo//models/turtlebot3_autorace/traffic_light_green
[6.345s] -- Up-to-date: /home/haruki/my_turtlebot3_ws/install/my_turtlebot3_gazebo/share/my_turtlebot3_gazebo//models/turtlebot3_autorace/traffic_light_green/model.config
[6.345s] -- Up-to-date: /home/haruki/my_turtlebot3_ws/install/my_turtlebot3_gazebo/share/my_turtlebot3_gazebo//models/turtlebot3_autorace/traffic_light_green/model.sdf
[6.345s] -- Up-to-date: /home/haruki/my_turtlebot3_ws/install/my_turtlebot3_gazebo/share/my_turtlebot3_gazebo//models/turtlebot3_autorace/traffic_bar_down
[6.345s] -- Up-to-date: /home/haruki/my_turtlebot3_ws/install/my_turtlebot3_gazebo/share/my_turtlebot3_gazebo//models/turtlebot3_autorace/traffic_bar_down/model.config
[6.345s] -- Up-to-date: /home/haruki/my_turtlebot3_ws/install/my_turtlebot3_gazebo/share/my_turtlebot3_gazebo//models/turtlebot3_autorace/traffic_bar_down/materials
[6.345s] -- Up-to-date: /home/haruki/my_turtlebot3_ws/install/my_turtlebot3_gazebo/share/my_turtlebot3_gazebo//models/turtlebot3_autorace/traffic_bar_down/materials/textures
[6.345s] -- Up-to-date: /home/haruki/my_turtlebot3_ws/install/my_turtlebot3_gazebo/share/my_turtlebot3_gazebo//models/turtlebot3_autorace/traffic_bar_down/materials/textures/traffic_bar.png
[6.345s] -- Up-to-date: /home/haruki/my_turtlebot3_ws/install/my_turtlebot3_gazebo/share/my_turtlebot3_gazebo//models/turtlebot3_autorace/traffic_bar_down/materials/scripts
[6.346s] -- Up-to-date: /home/haruki/my_turtlebot3_ws/install/my_turtlebot3_gazebo/share/my_turtlebot3_gazebo//models/turtlebot3_autorace/traffic_bar_down/materials/scripts/traffic_bar.material
[6.346s] -- Up-to-date: /home/haruki/my_turtlebot3_ws/install/my_turtlebot3_gazebo/share/my_turtlebot3_gazebo//models/turtlebot3_autorace/traffic_bar_down/model.sdf
[6.346s] -- Up-to-date: /home/haruki/my_turtlebot3_ws/install/my_turtlebot3_gazebo/share/my_turtlebot3_gazebo//models/turtlebot3_autorace/traffic_light_red
[6.346s] -- Up-to-date: /home/haruki/my_turtlebot3_ws/install/my_turtlebot3_gazebo/share/my_turtlebot3_gazebo//models/turtlebot3_autorace/traffic_light_red/model.config
[6.346s] -- Up-to-date: /home/haruki/my_turtlebot3_ws/install/my_turtlebot3_gazebo/share/my_turtlebot3_gazebo//models/turtlebot3_autorace/traffic_light_red/model.sdf
[6.346s] -- Up-to-date: /home/haruki/my_turtlebot3_ws/install/my_turtlebot3_gazebo/share/my_turtlebot3_gazebo//models/turtlebot3_autorace/traffic_tunnel
[6.346s] -- Up-to-date: /home/haruki/my_turtlebot3_ws/install/my_turtlebot3_gazebo/share/my_turtlebot3_gazebo//models/turtlebot3_autorace/traffic_tunnel/model.config
[6.346s] -- Up-to-date: /home/haruki/my_turtlebot3_ws/install/my_turtlebot3_gazebo/share/my_turtlebot3_gazebo//models/turtlebot3_autorace/traffic_tunnel/materials
[6.346s] -- Up-to-date: /home/haruki/my_turtlebot3_ws/install/my_turtlebot3_gazebo/share/my_turtlebot3_gazebo//models/turtlebot3_autorace/traffic_tunnel/materials/textures
[6.346s] -- Up-to-date: /home/haruki/my_turtlebot3_ws/install/my_turtlebot3_gazebo/share/my_turtlebot3_gazebo//models/turtlebot3_autorace/traffic_tunnel/materials/textures/tunnel.png
[6.346s] -- Up-to-date: /home/haruki/my_turtlebot3_ws/install/my_turtlebot3_gazebo/share/my_turtlebot3_gazebo//models/turtlebot3_autorace/traffic_tunnel/materials/scripts
[6.347s] -- Up-to-date: /home/haruki/my_turtlebot3_ws/install/my_turtlebot3_gazebo/share/my_turtlebot3_gazebo//models/turtlebot3_autorace/traffic_tunnel/materials/scripts/tunnel.material
[6.347s] -- Up-to-date: /home/haruki/my_turtlebot3_ws/install/my_turtlebot3_gazebo/share/my_turtlebot3_gazebo//models/turtlebot3_autorace/traffic_tunnel/model.sdf
[6.347s] -- Up-to-date: /home/haruki/my_turtlebot3_ws/install/my_turtlebot3_gazebo/share/my_turtlebot3_gazebo//models/turtlebot3_autorace/lights
[6.347s] -- Up-to-date: /home/haruki/my_turtlebot3_ws/install/my_turtlebot3_gazebo/share/my_turtlebot3_gazebo//models/turtlebot3_autorace/lights/model.config
[6.347s] -- Up-to-date: /home/haruki/my_turtlebot3_ws/install/my_turtlebot3_gazebo/share/my_turtlebot3_gazebo//models/turtlebot3_autorace/lights/model.sdf
[6.347s] -- Up-to-date: /home/haruki/my_turtlebot3_ws/install/my_turtlebot3_gazebo/share/my_turtlebot3_gazebo//models/turtlebot3_autorace/tunnel_wall
[6.347s] -- Up-to-date: /home/haruki/my_turtlebot3_ws/install/my_turtlebot3_gazebo/share/my_turtlebot3_gazebo//models/turtlebot3_autorace/tunnel_wall/model.config
[6.347s] -- Up-to-date: /home/haruki/my_turtlebot3_ws/install/my_turtlebot3_gazebo/share/my_turtlebot3_gazebo//models/turtlebot3_autorace/tunnel_wall/model.sdf
[6.347s] -- Up-to-date: /home/haruki/my_turtlebot3_ws/install/my_turtlebot3_gazebo/share/my_turtlebot3_gazebo//models/turtlebot3_autorace/traffic_parking
[6.347s] -- Up-to-date: /home/haruki/my_turtlebot3_ws/install/my_turtlebot3_gazebo/share/my_turtlebot3_gazebo//models/turtlebot3_autorace/traffic_parking/model.config
[6.347s] -- Up-to-date: /home/haruki/my_turtlebot3_ws/install/my_turtlebot3_gazebo/share/my_turtlebot3_gazebo//models/turtlebot3_autorace/traffic_parking/materials
[6.347s] -- Up-to-date: /home/haruki/my_turtlebot3_ws/install/my_turtlebot3_gazebo/share/my_turtlebot3_gazebo//models/turtlebot3_autorace/traffic_parking/materials/textures
[6.347s] -- Up-to-date: /home/haruki/my_turtlebot3_ws/install/my_turtlebot3_gazebo/share/my_turtlebot3_gazebo//models/turtlebot3_autorace/traffic_parking/materials/textures/traffic_parking.png
[6.347s] -- Up-to-date: /home/haruki/my_turtlebot3_ws/install/my_turtlebot3_gazebo/share/my_turtlebot3_gazebo//models/turtlebot3_autorace/traffic_parking/materials/scripts
[6.348s] -- Up-to-date: /home/haruki/my_turtlebot3_ws/install/my_turtlebot3_gazebo/share/my_turtlebot3_gazebo//models/turtlebot3_autorace/traffic_parking/materials/scripts/traffic_parking.material
[6.348s] -- Up-to-date: /home/haruki/my_turtlebot3_ws/install/my_turtlebot3_gazebo/share/my_turtlebot3_gazebo//models/turtlebot3_autorace/traffic_parking/model.sdf
[6.349s] -- Up-to-date: /home/haruki/my_turtlebot3_ws/install/my_turtlebot3_gazebo/share/my_turtlebot3_gazebo//models/turtlebot3_autorace/traffic_bar_up
[6.350s] -- Up-to-date: /home/haruki/my_turtlebot3_ws/install/my_turtlebot3_gazebo/share/my_turtlebot3_gazebo//models/turtlebot3_autorace/traffic_bar_up/model.config
[6.350s] -- Up-to-date: /home/haruki/my_turtlebot3_ws/install/my_turtlebot3_gazebo/share/my_turtlebot3_gazebo//models/turtlebot3_autorace/traffic_bar_up/materials
[6.350s] -- Up-to-date: /home/haruki/my_turtlebot3_ws/install/my_turtlebot3_gazebo/share/my_turtlebot3_gazebo//models/turtlebot3_autorace/traffic_bar_up/materials/textures
[6.350s] -- Up-to-date: /home/haruki/my_turtlebot3_ws/install/my_turtlebot3_gazebo/share/my_turtlebot3_gazebo//models/turtlebot3_autorace/traffic_bar_up/materials/textures/traffic_bar.png
[6.350s] -- Up-to-date: /home/haruki/my_turtlebot3_ws/install/my_turtlebot3_gazebo/share/my_turtlebot3_gazebo//models/turtlebot3_autorace/traffic_bar_up/materials/scripts
[6.351s] -- Up-to-date: /home/haruki/my_turtlebot3_ws/install/my_turtlebot3_gazebo/share/my_turtlebot3_gazebo//models/turtlebot3_autorace/traffic_bar_up/materials/scripts/traffic_bar.material
[6.351s] -- Up-to-date: /home/haruki/my_turtlebot3_ws/install/my_turtlebot3_gazebo/share/my_turtlebot3_gazebo//models/turtlebot3_autorace/traffic_bar_up/model.sdf
[6.351s] -- Up-to-date: /home/haruki/my_turtlebot3_ws/install/my_turtlebot3_gazebo/share/my_turtlebot3_gazebo//models/turtlebot3_autorace/ground
[6.351s] -- Up-to-date: /home/haruki/my_turtlebot3_ws/install/my_turtlebot3_gazebo/share/my_turtlebot3_gazebo//models/turtlebot3_autorace/ground/model.config
[6.351s] -- Up-to-date: /home/haruki/my_turtlebot3_ws/install/my_turtlebot3_gazebo/share/my_turtlebot3_gazebo//models/turtlebot3_autorace/ground/model.sdf
[6.351s] -- Up-to-date: /home/haruki/my_turtlebot3_ws/install/my_turtlebot3_gazebo/share/my_turtlebot3_gazebo//models/turtlebot3_autorace/model.config
[6.351s] -- Up-to-date: /home/haruki/my_turtlebot3_ws/install/my_turtlebot3_gazebo/share/my_turtlebot3_gazebo//models/turtlebot3_autorace/traffic_light_yellow
[6.351s] -- Up-to-date: /home/haruki/my_turtlebot3_ws/install/my_turtlebot3_gazebo/share/my_turtlebot3_gazebo//models/turtlebot3_autorace/traffic_light_yellow/model.config
[6.351s] -- Up-to-date: /home/haruki/my_turtlebot3_ws/install/my_turtlebot3_gazebo/share/my_turtlebot3_gazebo//models/turtlebot3_autorace/traffic_light_yellow/model.sdf
[6.351s] -- Up-to-date: /home/haruki/my_turtlebot3_ws/install/my_turtlebot3_gazebo/share/my_turtlebot3_gazebo//models/turtlebot3_autorace/tunnel_obstacles
[6.352s] -- Up-to-date: /home/haruki/my_turtlebot3_ws/install/my_turtlebot3_gazebo/share/my_turtlebot3_gazebo//models/turtlebot3_autorace/tunnel_obstacles/model.config
[6.352s] -- Up-to-date: /home/haruki/my_turtlebot3_ws/install/my_turtlebot3_gazebo/share/my_turtlebot3_gazebo//models/turtlebot3_autorace/tunnel_obstacles/model.sdf
[6.352s] -- Up-to-date: /home/haruki/my_turtlebot3_ws/install/my_turtlebot3_gazebo/share/my_turtlebot3_gazebo//models/turtlebot3_autorace/traffic_stop
[6.352s] -- Up-to-date: /home/haruki/my_turtlebot3_ws/install/my_turtlebot3_gazebo/share/my_turtlebot3_gazebo//models/turtlebot3_autorace/traffic_stop/model.config
[6.352s] -- Up-to-date: /home/haruki/my_turtlebot3_ws/install/my_turtlebot3_gazebo/share/my_turtlebot3_gazebo//models/turtlebot3_autorace/traffic_stop/materials
[6.352s] -- Up-to-date: /home/haruki/my_turtlebot3_ws/install/my_turtlebot3_gazebo/share/my_turtlebot3_gazebo//models/turtlebot3_autorace/traffic_stop/materials/textures
[6.352s] -- Up-to-date: /home/haruki/my_turtlebot3_ws/install/my_turtlebot3_gazebo/share/my_turtlebot3_gazebo//models/turtlebot3_autorace/traffic_stop/materials/textures/traffic_stop.png
[6.352s] -- Up-to-date: /home/haruki/my_turtlebot3_ws/install/my_turtlebot3_gazebo/share/my_turtlebot3_gazebo//models/turtlebot3_autorace/traffic_stop/materials/scripts
[6.352s] -- Up-to-date: /home/haruki/my_turtlebot3_ws/install/my_turtlebot3_gazebo/share/my_turtlebot3_gazebo//models/turtlebot3_autorace/traffic_stop/materials/scripts/traffic_stop.material
[6.352s] -- Up-to-date: /home/haruki/my_turtlebot3_ws/install/my_turtlebot3_gazebo/share/my_turtlebot3_gazebo//models/turtlebot3_autorace/traffic_stop/model.sdf
[6.352s] -- Up-to-date: /home/haruki/my_turtlebot3_ws/install/my_turtlebot3_gazebo/share/my_turtlebot3_gazebo//models/turtlebot3_waffle_pi
[6.352s] -- Up-to-date: /home/haruki/my_turtlebot3_ws/install/my_turtlebot3_gazebo/share/my_turtlebot3_gazebo//models/turtlebot3_waffle_pi/meshes
[6.354s] -- Up-to-date: /home/haruki/my_turtlebot3_ws/install/my_turtlebot3_gazebo/share/my_turtlebot3_gazebo//models/turtlebot3_waffle_pi/meshes/left_tire.dae
[6.354s] -- Up-to-date: /home/haruki/my_turtlebot3_ws/install/my_turtlebot3_gazebo/share/my_turtlebot3_gazebo//models/turtlebot3_waffle_pi/meshes/right_tire.dae
[6.354s] -- Up-to-date: /home/haruki/my_turtlebot3_ws/install/my_turtlebot3_gazebo/share/my_turtlebot3_gazebo//models/turtlebot3_waffle_pi/meshes/waffle_pi_base.dae
[6.355s] -- Up-to-date: /home/haruki/my_turtlebot3_ws/install/my_turtlebot3_gazebo/share/my_turtlebot3_gazebo//models/turtlebot3_waffle_pi/meshes/lds.dae
[6.355s] -- Up-to-date: /home/haruki/my_turtlebot3_ws/install/my_turtlebot3_gazebo/share/my_turtlebot3_gazebo//models/turtlebot3_waffle_pi/model.config
[6.355s] -- Up-to-date: /home/haruki/my_turtlebot3_ws/install/my_turtlebot3_gazebo/share/my_turtlebot3_gazebo//models/turtlebot3_waffle_pi/model.sdf
[6.355s] -- Up-to-date: /home/haruki/my_turtlebot3_ws/install/my_turtlebot3_gazebo/share/my_turtlebot3_gazebo//models/turtlebot3_waffle_pi/model-1_4.sdf
[6.355s] -- Up-to-date: /home/haruki/my_turtlebot3_ws/install/my_turtlebot3_gazebo/share/my_turtlebot3_gazebo//models/turtlebot3_house
[6.355s] -- Up-to-date: /home/haruki/my_turtlebot3_ws/install/my_turtlebot3_gazebo/share/my_turtlebot3_gazebo//models/turtlebot3_house/model.config
[6.355s] -- Up-to-date: /home/haruki/my_turtlebot3_ws/install/my_turtlebot3_gazebo/share/my_turtlebot3_gazebo//models/turtlebot3_house/model.sdf
[6.355s] -- Up-to-date: /home/haruki/my_turtlebot3_ws/install/my_turtlebot3_gazebo/share/my_turtlebot3_gazebo//models/turtlebot3_dqn_world
[6.356s] -- Up-to-date: /home/haruki/my_turtlebot3_ws/install/my_turtlebot3_gazebo/share/my_turtlebot3_gazebo//models/turtlebot3_dqn_world/obstacles
[6.356s] -- Up-to-date: /home/haruki/my_turtlebot3_ws/install/my_turtlebot3_gazebo/share/my_turtlebot3_gazebo//models/turtlebot3_dqn_world/obstacles/model.config
[6.356s] -- Up-to-date: /home/haruki/my_turtlebot3_ws/install/my_turtlebot3_gazebo/share/my_turtlebot3_gazebo//models/turtlebot3_dqn_world/obstacles/model.sdf
[6.357s] -- Up-to-date: /home/haruki/my_turtlebot3_ws/install/my_turtlebot3_gazebo/share/my_turtlebot3_gazebo//models/turtlebot3_dqn_world/obstacle_plugin
[6.358s] -- Up-to-date: /home/haruki/my_turtlebot3_ws/install/my_turtlebot3_gazebo/share/my_turtlebot3_gazebo//models/turtlebot3_dqn_world/obstacle_plugin/CMakeLists.txt
[6.358s] -- Up-to-date: /home/haruki/my_turtlebot3_ws/install/my_turtlebot3_gazebo/share/my_turtlebot3_gazebo//models/turtlebot3_dqn_world/obstacle_plugin/obstacle1.cc
[6.358s] -- Up-to-date: /home/haruki/my_turtlebot3_ws/install/my_turtlebot3_gazebo/share/my_turtlebot3_gazebo//models/turtlebot3_dqn_world/obstacle_plugin/obstacle2.cc
[6.358s] -- Up-to-date: /home/haruki/my_turtlebot3_ws/install/my_turtlebot3_gazebo/share/my_turtlebot3_gazebo//models/turtlebot3_dqn_world/obstacle_plugin/obstacles.cc
[6.358s] -- Up-to-date: /home/haruki/my_turtlebot3_ws/install/my_turtlebot3_gazebo/share/my_turtlebot3_gazebo//models/turtlebot3_dqn_world/obstacle_plugin/build
[6.359s] -- Up-to-date: /home/haruki/my_turtlebot3_ws/install/my_turtlebot3_gazebo/share/my_turtlebot3_gazebo//models/turtlebot3_dqn_world/obstacle_plugin/build/Makefile
[6.359s] -- Up-to-date: /home/haruki/my_turtlebot3_ws/install/my_turtlebot3_gazebo/share/my_turtlebot3_gazebo//models/turtlebot3_dqn_world/obstacle_plugin/build/CMakeFiles
[6.359s] -- Up-to-date: /home/haruki/my_turtlebot3_ws/install/my_turtlebot3_gazebo/share/my_turtlebot3_gazebo//models/turtlebot3_dqn_world/obstacle_plugin/build/CMakeFiles/progress.marks
[6.360s] -- Up-to-date: /home/haruki/my_turtlebot3_ws/install/my_turtlebot3_gazebo/share/my_turtlebot3_gazebo//models/turtlebot3_dqn_world/obstacle_plugin/build/CMakeFiles/obstacle2.dir
[6.360s] -- Up-to-date: /home/haruki/my_turtlebot3_ws/install/my_turtlebot3_gazebo/share/my_turtlebot3_gazebo//models/turtlebot3_dqn_world/obstacle_plugin/build/CMakeFiles/obstacle2.dir/link.txt
[6.360s] -- Up-to-date: /home/haruki/my_turtlebot3_ws/install/my_turtlebot3_gazebo/share/my_turtlebot3_gazebo//models/turtlebot3_dqn_world/obstacle_plugin/build/CMakeFiles/obstacle2.dir/depend.make
[6.360s] -- Up-to-date: /home/haruki/my_turtlebot3_ws/install/my_turtlebot3_gazebo/share/my_turtlebot3_gazebo//models/turtlebot3_dqn_world/obstacle_plugin/build/CMakeFiles/obstacle2.dir/obstacle2.cc.o
[6.361s] -- Up-to-date: /home/haruki/my_turtlebot3_ws/install/my_turtlebot3_gazebo/share/my_turtlebot3_gazebo//models/turtlebot3_dqn_world/obstacle_plugin/build/CMakeFiles/obstacle2.dir/CXX.includecache
[6.361s] -- Up-to-date: /home/haruki/my_turtlebot3_ws/install/my_turtlebot3_gazebo/share/my_turtlebot3_gazebo//models/turtlebot3_dqn_world/obstacle_plugin/build/CMakeFiles/obstacle2.dir/cmake_clean.cmake
[6.361s] -- Up-to-date: /home/haruki/my_turtlebot3_ws/install/my_turtlebot3_gazebo/share/my_turtlebot3_gazebo//models/turtlebot3_dqn_world/obstacle_plugin/build/CMakeFiles/obstacle2.dir/flags.make
[6.361s] -- Up-to-date: /home/haruki/my_turtlebot3_ws/install/my_turtlebot3_gazebo/share/my_turtlebot3_gazebo//models/turtlebot3_dqn_world/obstacle_plugin/build/CMakeFiles/obstacle2.dir/DependInfo.cmake
[6.361s] -- Up-to-date: /home/haruki/my_turtlebot3_ws/install/my_turtlebot3_gazebo/share/my_turtlebot3_gazebo//models/turtlebot3_dqn_world/obstacle_plugin/build/CMakeFiles/obstacle2.dir/build.make
[6.361s] -- Up-to-date: /home/haruki/my_turtlebot3_ws/install/my_turtlebot3_gazebo/share/my_turtlebot3_gazebo//models/turtlebot3_dqn_world/obstacle_plugin/build/CMakeFiles/obstacle2.dir/progress.make
[6.362s] -- Up-to-date: /home/haruki/my_turtlebot3_ws/install/my_turtlebot3_gazebo/share/my_turtlebot3_gazebo//models/turtlebot3_dqn_world/obstacle_plugin/build/CMakeFiles/obstacle2.dir/depend.internal
[6.362s] -- Up-to-date: /home/haruki/my_turtlebot3_ws/install/my_turtlebot3_gazebo/share/my_turtlebot3_gazebo//models/turtlebot3_dqn_world/obstacle_plugin/build/CMakeFiles/feature_tests.bin
[6.362s] -- Up-to-date: /home/haruki/my_turtlebot3_ws/install/my_turtlebot3_gazebo/share/my_turtlebot3_gazebo//models/turtlebot3_dqn_world/obstacle_plugin/build/CMakeFiles/CMakeOutput.log
[6.362s] -- Up-to-date: /home/haruki/my_turtlebot3_ws/install/my_turtlebot3_gazebo/share/my_turtlebot3_gazebo//models/turtlebot3_dqn_world/obstacle_plugin/build/CMakeFiles/feature_tests.cxx
[6.362s] -- Up-to-date: /home/haruki/my_turtlebot3_ws/install/my_turtlebot3_gazebo/share/my_turtlebot3_gazebo//models/turtlebot3_dqn_world/obstacle_plugin/build/CMakeFiles/cmake.check_cache
[6.362s] -- Up-to-date: /home/haruki/my_turtlebot3_ws/install/my_turtlebot3_gazebo/share/my_turtlebot3_gazebo//models/turtlebot3_dqn_world/obstacle_plugin/build/CMakeFiles/obstacles.dir
[6.362s] -- Up-to-date: /home/haruki/my_turtlebot3_ws/install/my_turtlebot3_gazebo/share/my_turtlebot3_gazebo//models/turtlebot3_dqn_world/obstacle_plugin/build/CMakeFiles/obstacles.dir/link.txt
[6.362s] -- Up-to-date: /home/haruki/my_turtlebot3_ws/install/my_turtlebot3_gazebo/share/my_turtlebot3_gazebo//models/turtlebot3_dqn_world/obstacle_plugin/build/CMakeFiles/obstacles.dir/depend.make
[6.362s] -- Up-to-date: /home/haruki/my_turtlebot3_ws/install/my_turtlebot3_gazebo/share/my_turtlebot3_gazebo//models/turtlebot3_dqn_world/obstacle_plugin/build/CMakeFiles/obstacles.dir/CXX.includecache
[6.362s] -- Up-to-date: /home/haruki/my_turtlebot3_ws/install/my_turtlebot3_gazebo/share/my_turtlebot3_gazebo//models/turtlebot3_dqn_world/obstacle_plugin/build/CMakeFiles/obstacles.dir/cmake_clean.cmake
[6.362s] -- Up-to-date: /home/haruki/my_turtlebot3_ws/install/my_turtlebot3_gazebo/share/my_turtlebot3_gazebo//models/turtlebot3_dqn_world/obstacle_plugin/build/CMakeFiles/obstacles.dir/flags.make
[6.362s] -- Up-to-date: /home/haruki/my_turtlebot3_ws/install/my_turtlebot3_gazebo/share/my_turtlebot3_gazebo//models/turtlebot3_dqn_world/obstacle_plugin/build/CMakeFiles/obstacles.dir/DependInfo.cmake
[6.362s] -- Up-to-date: /home/haruki/my_turtlebot3_ws/install/my_turtlebot3_gazebo/share/my_turtlebot3_gazebo//models/turtlebot3_dqn_world/obstacle_plugin/build/CMakeFiles/obstacles.dir/build.make
[6.362s] -- Up-to-date: /home/haruki/my_turtlebot3_ws/install/my_turtlebot3_gazebo/share/my_turtlebot3_gazebo//models/turtlebot3_dqn_world/obstacle_plugin/build/CMakeFiles/obstacles.dir/progress.make
[6.362s] -- Up-to-date: /home/haruki/my_turtlebot3_ws/install/my_turtlebot3_gazebo/share/my_turtlebot3_gazebo//models/turtlebot3_dqn_world/obstacle_plugin/build/CMakeFiles/obstacles.dir/obstacles.cc.o
[6.363s] -- Up-to-date: /home/haruki/my_turtlebot3_ws/install/my_turtlebot3_gazebo/share/my_turtlebot3_gazebo//models/turtlebot3_dqn_world/obstacle_plugin/build/CMakeFiles/obstacles.dir/depend.internal
[6.363s] -- Up-to-date: /home/haruki/my_turtlebot3_ws/install/my_turtlebot3_gazebo/share/my_turtlebot3_gazebo//models/turtlebot3_dqn_world/obstacle_plugin/build/CMakeFiles/Makefile.cmake
[6.363s] -- Up-to-date: /home/haruki/my_turtlebot3_ws/install/my_turtlebot3_gazebo/share/my_turtlebot3_gazebo//models/turtlebot3_dqn_world/obstacle_plugin/build/CMakeFiles/obstacle1.dir
[6.363s] -- Up-to-date: /home/haruki/my_turtlebot3_ws/install/my_turtlebot3_gazebo/share/my_turtlebot3_gazebo//models/turtlebot3_dqn_world/obstacle_plugin/build/CMakeFiles/obstacle1.dir/link.txt
[6.363s] -- Up-to-date: /home/haruki/my_turtlebot3_ws/install/my_turtlebot3_gazebo/share/my_turtlebot3_gazebo//models/turtlebot3_dqn_world/obstacle_plugin/build/CMakeFiles/obstacle1.dir/obstacle1.cc.o
[6.363s] -- Up-to-date: /home/haruki/my_turtlebot3_ws/install/my_turtlebot3_gazebo/share/my_turtlebot3_gazebo//models/turtlebot3_dqn_world/obstacle_plugin/build/CMakeFiles/obstacle1.dir/depend.make
[6.363s] -- Up-to-date: /home/haruki/my_turtlebot3_ws/install/my_turtlebot3_gazebo/share/my_turtlebot3_gazebo//models/turtlebot3_dqn_world/obstacle_plugin/build/CMakeFiles/obstacle1.dir/CXX.includecache
[6.363s] -- Up-to-date: /home/haruki/my_turtlebot3_ws/install/my_turtlebot3_gazebo/share/my_turtlebot3_gazebo//models/turtlebot3_dqn_world/obstacle_plugin/build/CMakeFiles/obstacle1.dir/cmake_clean.cmake
[6.363s] -- Up-to-date: /home/haruki/my_turtlebot3_ws/install/my_turtlebot3_gazebo/share/my_turtlebot3_gazebo//models/turtlebot3_dqn_world/obstacle_plugin/build/CMakeFiles/obstacle1.dir/flags.make
[6.363s] -- Up-to-date: /home/haruki/my_turtlebot3_ws/install/my_turtlebot3_gazebo/share/my_turtlebot3_gazebo//models/turtlebot3_dqn_world/obstacle_plugin/build/CMakeFiles/obstacle1.dir/DependInfo.cmake
[6.363s] -- Up-to-date: /home/haruki/my_turtlebot3_ws/install/my_turtlebot3_gazebo/share/my_turtlebot3_gazebo//models/turtlebot3_dqn_world/obstacle_plugin/build/CMakeFiles/obstacle1.dir/build.make
[6.363s] -- Up-to-date: /home/haruki/my_turtlebot3_ws/install/my_turtlebot3_gazebo/share/my_turtlebot3_gazebo//models/turtlebot3_dqn_world/obstacle_plugin/build/CMakeFiles/obstacle1.dir/progress.make
[6.363s] -- Up-to-date: /home/haruki/my_turtlebot3_ws/install/my_turtlebot3_gazebo/share/my_turtlebot3_gazebo//models/turtlebot3_dqn_world/obstacle_plugin/build/CMakeFiles/obstacle1.dir/depend.internal
[6.363s] -- Up-to-date: /home/haruki/my_turtlebot3_ws/install/my_turtlebot3_gazebo/share/my_turtlebot3_gazebo//models/turtlebot3_dqn_world/obstacle_plugin/build/CMakeFiles/3.10.2
[6.363s] -- Up-to-date: /home/haruki/my_turtlebot3_ws/install/my_turtlebot3_gazebo/share/my_turtlebot3_gazebo//models/turtlebot3_dqn_world/obstacle_plugin/build/CMakeFiles/3.10.2/CMakeDetermineCompilerABI_C.bin
[6.363s] -- Up-to-date: /home/haruki/my_turtlebot3_ws/install/my_turtlebot3_gazebo/share/my_turtlebot3_gazebo//models/turtlebot3_dqn_world/obstacle_plugin/build/CMakeFiles/3.10.2/CompilerIdC
[6.363s] -- Up-to-date: /home/haruki/my_turtlebot3_ws/install/my_turtlebot3_gazebo/share/my_turtlebot3_gazebo//models/turtlebot3_dqn_world/obstacle_plugin/build/CMakeFiles/3.10.2/CompilerIdC/a.out
[6.363s] -- Up-to-date: /home/haruki/my_turtlebot3_ws/install/my_turtlebot3_gazebo/share/my_turtlebot3_gazebo//models/turtlebot3_dqn_world/obstacle_plugin/build/CMakeFiles/3.10.2/CompilerIdC/CMakeCCompilerId.c
[6.363s] -- Up-to-date: /home/haruki/my_turtlebot3_ws/install/my_turtlebot3_gazebo/share/my_turtlebot3_gazebo//models/turtlebot3_dqn_world/obstacle_plugin/build/CMakeFiles/3.10.2/CMakeCXXCompiler.cmake
[6.364s] -- Up-to-date: /home/haruki/my_turtlebot3_ws/install/my_turtlebot3_gazebo/share/my_turtlebot3_gazebo//models/turtlebot3_dqn_world/obstacle_plugin/build/CMakeFiles/3.10.2/CMakeSystem.cmake
[6.364s] -- Up-to-date: /home/haruki/my_turtlebot3_ws/install/my_turtlebot3_gazebo/share/my_turtlebot3_gazebo//models/turtlebot3_dqn_world/obstacle_plugin/build/CMakeFiles/3.10.2/CMakeDetermineCompilerABI_CXX.bin
[6.364s] -- Up-to-date: /home/haruki/my_turtlebot3_ws/install/my_turtlebot3_gazebo/share/my_turtlebot3_gazebo//models/turtlebot3_dqn_world/obstacle_plugin/build/CMakeFiles/3.10.2/CMakeCCompiler.cmake
[6.364s] -- Up-to-date: /home/haruki/my_turtlebot3_ws/install/my_turtlebot3_gazebo/share/my_turtlebot3_gazebo//models/turtlebot3_dqn_world/obstacle_plugin/build/CMakeFiles/3.10.2/CompilerIdCXX
[6.364s] -- Up-to-date: /home/haruki/my_turtlebot3_ws/install/my_turtlebot3_gazebo/share/my_turtlebot3_gazebo//models/turtlebot3_dqn_world/obstacle_plugin/build/CMakeFiles/3.10.2/CompilerIdCXX/a.out
[6.364s] -- Up-to-date: /home/haruki/my_turtlebot3_ws/install/my_turtlebot3_gazebo/share/my_turtlebot3_gazebo//models/turtlebot3_dqn_world/obstacle_plugin/build/CMakeFiles/3.10.2/CompilerIdCXX/CMakeCXXCompilerId.cpp
[6.364s] -- Up-to-date: /home/haruki/my_turtlebot3_ws/install/my_turtlebot3_gazebo/share/my_turtlebot3_gazebo//models/turtlebot3_dqn_world/obstacle_plugin/build/CMakeFiles/TargetDirectories.txt
[6.364s] -- Up-to-date: /home/haruki/my_turtlebot3_ws/install/my_turtlebot3_gazebo/share/my_turtlebot3_gazebo//models/turtlebot3_dqn_world/obstacle_plugin/build/CMakeFiles/CMakeError.log
[6.364s] -- Up-to-date: /home/haruki/my_turtlebot3_ws/install/my_turtlebot3_gazebo/share/my_turtlebot3_gazebo//models/turtlebot3_dqn_world/obstacle_plugin/build/CMakeFiles/CMakeDirectoryInformation.cmake
[6.364s] -- Up-to-date: /home/haruki/my_turtlebot3_ws/install/my_turtlebot3_gazebo/share/my_turtlebot3_gazebo//models/turtlebot3_dqn_world/obstacle_plugin/build/CMakeFiles/Makefile2
[6.364s] -- Up-to-date: /home/haruki/my_turtlebot3_ws/install/my_turtlebot3_gazebo/share/my_turtlebot3_gazebo//models/turtlebot3_dqn_world/obstacle_plugin/build/CMakeFiles/feature_tests.c
[6.364s] -- Up-to-date: /home/haruki/my_turtlebot3_ws/install/my_turtlebot3_gazebo/share/my_turtlebot3_gazebo//models/turtlebot3_dqn_world/obstacle_plugin/build/libobstacle2.so
[6.364s] -- Up-to-date: /home/haruki/my_turtlebot3_ws/install/my_turtlebot3_gazebo/share/my_turtlebot3_gazebo//models/turtlebot3_dqn_world/obstacle_plugin/build/cmake_install.cmake
[6.364s] -- Up-to-date: /home/haruki/my_turtlebot3_ws/install/my_turtlebot3_gazebo/share/my_turtlebot3_gazebo//models/turtlebot3_dqn_world/obstacle_plugin/build/libobstacle1.so
[6.364s] -- Up-to-date: /home/haruki/my_turtlebot3_ws/install/my_turtlebot3_gazebo/share/my_turtlebot3_gazebo//models/turtlebot3_dqn_world/obstacle_plugin/build/CMakeTmp
[6.364s] -- Up-to-date: /home/haruki/my_turtlebot3_ws/install/my_turtlebot3_gazebo/share/my_turtlebot3_gazebo//models/turtlebot3_dqn_world/obstacle_plugin/build/CMakeTmp/test_freeimage.c
[6.364s] -- Up-to-date: /home/haruki/my_turtlebot3_ws/install/my_turtlebot3_gazebo/share/my_turtlebot3_gazebo//models/turtlebot3_dqn_world/obstacle_plugin/build/CMakeCache.txt
[6.364s] -- Up-to-date: /home/haruki/my_turtlebot3_ws/install/my_turtlebot3_gazebo/share/my_turtlebot3_gazebo//models/turtlebot3_dqn_world/obstacle_plugin/build/libobstacles.so
[6.364s] -- Up-to-date: /home/haruki/my_turtlebot3_ws/install/my_turtlebot3_gazebo/share/my_turtlebot3_gazebo//models/turtlebot3_dqn_world/obstacle2
[6.365s] -- Up-to-date: /home/haruki/my_turtlebot3_ws/install/my_turtlebot3_gazebo/share/my_turtlebot3_gazebo//models/turtlebot3_dqn_world/obstacle2/model.config
[6.365s] -- Up-to-date: /home/haruki/my_turtlebot3_ws/install/my_turtlebot3_gazebo/share/my_turtlebot3_gazebo//models/turtlebot3_dqn_world/obstacle2/model.sdf
[6.365s] -- Up-to-date: /home/haruki/my_turtlebot3_ws/install/my_turtlebot3_gazebo/share/my_turtlebot3_gazebo//models/turtlebot3_dqn_world/obstacle1
[6.365s] -- Up-to-date: /home/haruki/my_turtlebot3_ws/install/my_turtlebot3_gazebo/share/my_turtlebot3_gazebo//models/turtlebot3_dqn_world/obstacle1/model.config
[6.365s] -- Up-to-date: /home/haruki/my_turtlebot3_ws/install/my_turtlebot3_gazebo/share/my_turtlebot3_gazebo//models/turtlebot3_dqn_world/obstacle1/model.sdf
[6.365s] -- Up-to-date: /home/haruki/my_turtlebot3_ws/install/my_turtlebot3_gazebo/share/my_turtlebot3_gazebo//models/turtlebot3_dqn_world/goal_box
[6.365s] -- Up-to-date: /home/haruki/my_turtlebot3_ws/install/my_turtlebot3_gazebo/share/my_turtlebot3_gazebo//models/turtlebot3_dqn_world/goal_box/model.config
[6.365s] -- Up-to-date: /home/haruki/my_turtlebot3_ws/install/my_turtlebot3_gazebo/share/my_turtlebot3_gazebo//models/turtlebot3_dqn_world/goal_box/model.sdf
[6.365s] -- Up-to-date: /home/haruki/my_turtlebot3_ws/install/my_turtlebot3_gazebo/share/my_turtlebot3_gazebo//models/turtlebot3_dqn_world/model.config
[6.365s] -- Up-to-date: /home/haruki/my_turtlebot3_ws/install/my_turtlebot3_gazebo/share/my_turtlebot3_gazebo//models/turtlebot3_dqn_world/model.sdf
[6.365s] -- Up-to-date: /home/haruki/my_turtlebot3_ws/install/my_turtlebot3_gazebo/share/my_turtlebot3_gazebo//models/turtlebot3_dqn_world/inner_walls
[6.365s] -- Up-to-date: /home/haruki/my_turtlebot3_ws/install/my_turtlebot3_gazebo/share/my_turtlebot3_gazebo//models/turtlebot3_dqn_world/inner_walls/model.config
[6.365s] -- Up-to-date: /home/haruki/my_turtlebot3_ws/install/my_turtlebot3_gazebo/share/my_turtlebot3_gazebo//models/turtlebot3_dqn_world/inner_walls/model.sdf
[6.365s] -- Up-to-date: /home/haruki/my_turtlebot3_ws/install/my_turtlebot3_gazebo/share/my_turtlebot3_gazebo//models/turtlebot3_burger
[6.365s] -- Up-to-date: /home/haruki/my_turtlebot3_ws/install/my_turtlebot3_gazebo/share/my_turtlebot3_gazebo//models/turtlebot3_burger/meshes
[6.365s] -- Up-to-date: /home/haruki/my_turtlebot3_ws/install/my_turtlebot3_gazebo/share/my_turtlebot3_gazebo//models/turtlebot3_burger/meshes/left_tire.dae
[6.365s] -- Up-to-date: /home/haruki/my_turtlebot3_ws/install/my_turtlebot3_gazebo/share/my_turtlebot3_gazebo//models/turtlebot3_burger/meshes/burger_base.dae
[6.365s] -- Up-to-date: /home/haruki/my_turtlebot3_ws/install/my_turtlebot3_gazebo/share/my_turtlebot3_gazebo//models/turtlebot3_burger/meshes/right_tire.dae
[6.365s] -- Up-to-date: /home/haruki/my_turtlebot3_ws/install/my_turtlebot3_gazebo/share/my_turtlebot3_gazebo//models/turtlebot3_burger/meshes/lds.dae
[6.366s] -- Up-to-date: /home/haruki/my_turtlebot3_ws/install/my_turtlebot3_gazebo/share/my_turtlebot3_gazebo//models/turtlebot3_burger/model.config
[6.366s] -- Up-to-date: /home/haruki/my_turtlebot3_ws/install/my_turtlebot3_gazebo/share/my_turtlebot3_gazebo//models/turtlebot3_burger/model.sdf
[6.366s] -- Up-to-date: /home/haruki/my_turtlebot3_ws/install/my_turtlebot3_gazebo/share/my_turtlebot3_gazebo//models/turtlebot3_burger/model-1_4.sdf
[6.366s] -- Up-to-date: /home/haruki/my_turtlebot3_ws/install/my_turtlebot3_gazebo/share/my_turtlebot3_gazebo//models/turtlebot3_waffle
[6.366s] -- Up-to-date: /home/haruki/my_turtlebot3_ws/install/my_turtlebot3_gazebo/share/my_turtlebot3_gazebo//models/turtlebot3_waffle/meshes
[6.366s] -- Up-to-date: /home/haruki/my_turtlebot3_ws/install/my_turtlebot3_gazebo/share/my_turtlebot3_gazebo//models/turtlebot3_waffle/meshes/left_tire.dae
[6.366s] -- Up-to-date: /home/haruki/my_turtlebot3_ws/install/my_turtlebot3_gazebo/share/my_turtlebot3_gazebo//models/turtlebot3_waffle/meshes/waffle_base.dae
[6.366s] -- Up-to-date: /home/haruki/my_turtlebot3_ws/install/my_turtlebot3_gazebo/share/my_turtlebot3_gazebo//models/turtlebot3_waffle/meshes/right_tire.dae
[6.366s] -- Up-to-date: /home/haruki/my_turtlebot3_ws/install/my_turtlebot3_gazebo/share/my_turtlebot3_gazebo//models/turtlebot3_waffle/meshes/r200.dae
[6.366s] -- Up-to-date: /home/haruki/my_turtlebot3_ws/install/my_turtlebot3_gazebo/share/my_turtlebot3_gazebo//models/turtlebot3_waffle/meshes/lds.dae
[6.366s] -- Up-to-date: /home/haruki/my_turtlebot3_ws/install/my_turtlebot3_gazebo/share/my_turtlebot3_gazebo//models/turtlebot3_waffle/model.config
[6.366s] -- Up-to-date: /home/haruki/my_turtlebot3_ws/install/my_turtlebot3_gazebo/share/my_turtlebot3_gazebo//models/turtlebot3_waffle/model.sdf
[6.366s] -- Up-to-date: /home/haruki/my_turtlebot3_ws/install/my_turtlebot3_gazebo/share/my_turtlebot3_gazebo//models/turtlebot3_waffle/model-1_4.sdf
[6.366s] -- Up-to-date: /home/haruki/my_turtlebot3_ws/install/my_turtlebot3_gazebo/share/my_turtlebot3_gazebo//models/turtlebot3_world
[6.366s] -- Up-to-date: /home/haruki/my_turtlebot3_ws/install/my_turtlebot3_gazebo/share/my_turtlebot3_gazebo//models/turtlebot3_world/meshes
[6.366s] -- Up-to-date: /home/haruki/my_turtlebot3_ws/install/my_turtlebot3_gazebo/share/my_turtlebot3_gazebo//models/turtlebot3_world/meshes/wall.dae
[6.367s] -- Up-to-date: /home/haruki/my_turtlebot3_ws/install/my_turtlebot3_gazebo/share/my_turtlebot3_gazebo//models/turtlebot3_world/meshes/hexagon.dae
[6.367s] -- Up-to-date: /home/haruki/my_turtlebot3_ws/install/my_turtlebot3_gazebo/share/my_turtlebot3_gazebo//models/turtlebot3_world/model.config
[6.367s] -- Up-to-date: /home/haruki/my_turtlebot3_ws/install/my_turtlebot3_gazebo/share/my_turtlebot3_gazebo//models/turtlebot3_world/model.sdf
[6.367s] -- Up-to-date: /home/haruki/my_turtlebot3_ws/install/my_turtlebot3_gazebo/share/my_turtlebot3_gazebo//models/turtlebot3_world/model-1_4.sdf
[6.367s] -- Up-to-date: /home/haruki/my_turtlebot3_ws/install/my_turtlebot3_gazebo/share/my_turtlebot3_gazebo//rviz
[6.367s] -- Up-to-date: /home/haruki/my_turtlebot3_ws/install/my_turtlebot3_gazebo/share/my_turtlebot3_gazebo//rviz/tb3_gazebo.rviz
[6.367s] -- Up-to-date: /home/haruki/my_turtlebot3_ws/install/my_turtlebot3_gazebo/share/my_turtlebot3_gazebo//worlds
[6.367s] -- Up-to-date: /home/haruki/my_turtlebot3_ws/install/my_turtlebot3_gazebo/share/my_turtlebot3_gazebo//worlds/turtlebot3_worlds
[6.367s] -- Up-to-date: /home/haruki/my_turtlebot3_ws/install/my_turtlebot3_gazebo/share/my_turtlebot3_gazebo//worlds/turtlebot3_worlds/waffle.model
[6.367s] -- Up-to-date: /home/haruki/my_turtlebot3_ws/install/my_turtlebot3_gazebo/share/my_turtlebot3_gazebo//worlds/turtlebot3_worlds/burger.model
[6.368s] -- Up-to-date: /home/haruki/my_turtlebot3_ws/install/my_turtlebot3_gazebo/share/my_turtlebot3_gazebo//worlds/turtlebot3_worlds/waffle_pi.model
[6.368s] -- Up-to-date: /home/haruki/my_turtlebot3_ws/install/my_turtlebot3_gazebo/share/my_turtlebot3_gazebo//worlds/turtlebot3_dqn_stage3
[6.368s] -- Up-to-date: /home/haruki/my_turtlebot3_ws/install/my_turtlebot3_gazebo/share/my_turtlebot3_gazebo//worlds/turtlebot3_dqn_stage3/waffle.model
[6.368s] -- Up-to-date: /home/haruki/my_turtlebot3_ws/install/my_turtlebot3_gazebo/share/my_turtlebot3_gazebo//worlds/turtlebot3_dqn_stage3/burger.model
[6.368s] -- Up-to-date: /home/haruki/my_turtlebot3_ws/install/my_turtlebot3_gazebo/share/my_turtlebot3_gazebo//worlds/turtlebot3_dqn_stage3/waffle_pi.model
[6.368s] -- Up-to-date: /home/haruki/my_turtlebot3_ws/install/my_turtlebot3_gazebo/share/my_turtlebot3_gazebo//worlds/turtlebot3_houses
[6.368s] -- Up-to-date: /home/haruki/my_turtlebot3_ws/install/my_turtlebot3_gazebo/share/my_turtlebot3_gazebo//worlds/turtlebot3_houses/waffle.model
[6.368s] -- Up-to-date: /home/haruki/my_turtlebot3_ws/install/my_turtlebot3_gazebo/share/my_turtlebot3_gazebo//worlds/turtlebot3_houses/burger.model
[6.368s] -- Up-to-date: /home/haruki/my_turtlebot3_ws/install/my_turtlebot3_gazebo/share/my_turtlebot3_gazebo//worlds/turtlebot3_houses/waffle_pi.model
[6.368s] -- Up-to-date: /home/haruki/my_turtlebot3_ws/install/my_turtlebot3_gazebo/share/my_turtlebot3_gazebo//worlds/turtlebot3_dqn_stage4
[6.368s] -- Up-to-date: /home/haruki/my_turtlebot3_ws/install/my_turtlebot3_gazebo/share/my_turtlebot3_gazebo//worlds/turtlebot3_dqn_stage4/waffle.model
[6.368s] -- Up-to-date: /home/haruki/my_turtlebot3_ws/install/my_turtlebot3_gazebo/share/my_turtlebot3_gazebo//worlds/turtlebot3_dqn_stage4/burger.model
[6.369s] -- Up-to-date: /home/haruki/my_turtlebot3_ws/install/my_turtlebot3_gazebo/share/my_turtlebot3_gazebo//worlds/turtlebot3_dqn_stage4/waffle_pi.model
[6.369s] -- Up-to-date: /home/haruki/my_turtlebot3_ws/install/my_turtlebot3_gazebo/share/my_turtlebot3_gazebo//worlds/turtlebot3_dqn_stage2
[6.369s] -- Up-to-date: /home/haruki/my_turtlebot3_ws/install/my_turtlebot3_gazebo/share/my_turtlebot3_gazebo//worlds/turtlebot3_dqn_stage2/waffle.model
[6.369s] -- Up-to-date: /home/haruki/my_turtlebot3_ws/install/my_turtlebot3_gazebo/share/my_turtlebot3_gazebo//worlds/turtlebot3_dqn_stage2/burger.model
[6.369s] -- Up-to-date: /home/haruki/my_turtlebot3_ws/install/my_turtlebot3_gazebo/share/my_turtlebot3_gazebo//worlds/turtlebot3_dqn_stage2/waffle_pi.model
[6.369s] -- Up-to-date: /home/haruki/my_turtlebot3_ws/install/my_turtlebot3_gazebo/share/my_turtlebot3_gazebo//worlds/turtlebot3_dqn_stage1
[6.369s] -- Up-to-date: /home/haruki/my_turtlebot3_ws/install/my_turtlebot3_gazebo/share/my_turtlebot3_gazebo//worlds/turtlebot3_dqn_stage1/waffle.model
[6.369s] -- Up-to-date: /home/haruki/my_turtlebot3_ws/install/my_turtlebot3_gazebo/share/my_turtlebot3_gazebo//worlds/turtlebot3_dqn_stage1/burger.model
[6.369s] -- Up-to-date: /home/haruki/my_turtlebot3_ws/install/my_turtlebot3_gazebo/share/my_turtlebot3_gazebo//worlds/turtlebot3_dqn_stage1/waffle_pi.model
[6.369s] -- Up-to-date: /home/haruki/my_turtlebot3_ws/install/my_turtlebot3_gazebo/share/my_turtlebot3_gazebo//worlds/empty_worlds
[6.369s] -- Up-to-date: /home/haruki/my_turtlebot3_ws/install/my_turtlebot3_gazebo/share/my_turtlebot3_gazebo//worlds/empty_worlds/waffle.model
[6.369s] -- Up-to-date: /home/haruki/my_turtlebot3_ws/install/my_turtlebot3_gazebo/share/my_turtlebot3_gazebo//worlds/empty_worlds/burger.model
[6.369s] -- Up-to-date: /home/haruki/my_turtlebot3_ws/install/my_turtlebot3_gazebo/share/my_turtlebot3_gazebo//worlds/empty_worlds/waffle_pi.model
[6.369s] -- Up-to-date: /home/haruki/my_turtlebot3_ws/install/my_turtlebot3_gazebo/share/my_turtlebot3_gazebo//worlds/turtlebot3_autoraces
[6.369s] -- Up-to-date: /home/haruki/my_turtlebot3_ws/install/my_turtlebot3_gazebo/share/my_turtlebot3_gazebo//worlds/turtlebot3_autoraces/waffle.model
[6.369s] -- Up-to-date: /home/haruki/my_turtlebot3_ws/install/my_turtlebot3_gazebo/share/my_turtlebot3_gazebo//worlds/turtlebot3_autoraces/burger.model
[6.369s] -- Up-to-date: /home/haruki/my_turtlebot3_ws/install/my_turtlebot3_gazebo/share/my_turtlebot3_gazebo//worlds/turtlebot3_autoraces/waffle_pi.model
[6.369s] -- Up-to-date: /home/haruki/my_turtlebot3_ws/install/my_turtlebot3_gazebo/include/
[6.369s] -- Up-to-date: /home/haruki/my_turtlebot3_ws/install/my_turtlebot3_gazebo/include//turtlebot3_gazebo
[6.370s] -- Up-to-date: /home/haruki/my_turtlebot3_ws/install/my_turtlebot3_gazebo/include//turtlebot3_gazebo/turtlebot3_drive.hpp
[6.370s] -- Up-to-date: /home/haruki/my_turtlebot3_ws/install/my_turtlebot3_gazebo/share/ament_index/resource_index/package_run_dependencies/my_turtlebot3_gazebo
[6.370s] -- Up-to-date: /home/haruki/my_turtlebot3_ws/install/my_turtlebot3_gazebo/share/ament_index/resource_index/parent_prefix_path/my_turtlebot3_gazebo
[6.370s] -- Up-to-date: /home/haruki/my_turtlebot3_ws/install/my_turtlebot3_gazebo/share/my_turtlebot3_gazebo/environment/ament_prefix_path.sh
[6.370s] -- Up-to-date: /home/haruki/my_turtlebot3_ws/install/my_turtlebot3_gazebo/share/my_turtlebot3_gazebo/environment/ament_prefix_path.dsv
[6.370s] -- Up-to-date: /home/haruki/my_turtlebot3_ws/install/my_turtlebot3_gazebo/share/my_turtlebot3_gazebo/environment/path.sh
[6.370s] -- Up-to-date: /home/haruki/my_turtlebot3_ws/install/my_turtlebot3_gazebo/share/my_turtlebot3_gazebo/environment/path.dsv
[6.370s] -- Up-to-date: /home/haruki/my_turtlebot3_ws/install/my_turtlebot3_gazebo/share/my_turtlebot3_gazebo/local_setup.bash
[6.370s] -- Up-to-date: /home/haruki/my_turtlebot3_ws/install/my_turtlebot3_gazebo/share/my_turtlebot3_gazebo/local_setup.sh
[6.370s] -- Up-to-date: /home/haruki/my_turtlebot3_ws/install/my_turtlebot3_gazebo/share/my_turtlebot3_gazebo/local_setup.zsh
[6.370s] -- Up-to-date: /home/haruki/my_turtlebot3_ws/install/my_turtlebot3_gazebo/share/my_turtlebot3_gazebo/local_setup.dsv
[6.370s] -- Installing: /home/haruki/my_turtlebot3_ws/install/my_turtlebot3_gazebo/share/my_turtlebot3_gazebo/package.dsv
[6.370s] -- Up-to-date: /home/haruki/my_turtlebot3_ws/install/my_turtlebot3_gazebo/share/ament_index/resource_index/packages/my_turtlebot3_gazebo
[6.370s] -- Up-to-date: /home/haruki/my_turtlebot3_ws/install/my_turtlebot3_gazebo/share/my_turtlebot3_gazebo/cmake/ament_cmake_export_include_directories-extras.cmake
[6.370s] -- Up-to-date: /home/haruki/my_turtlebot3_ws/install/my_turtlebot3_gazebo/share/my_turtlebot3_gazebo/cmake/ament_cmake_export_dependencies-extras.cmake
[6.370s] -- Up-to-date: /home/haruki/my_turtlebot3_ws/install/my_turtlebot3_gazebo/share/my_turtlebot3_gazebo/cmake/my_turtlebot3_gazeboConfig.cmake
[6.370s] -- Up-to-date: /home/haruki/my_turtlebot3_ws/install/my_turtlebot3_gazebo/share/my_turtlebot3_gazebo/cmake/my_turtlebot3_gazeboConfig-version.cmake
[6.370s] -- Up-to-date: /home/haruki/my_turtlebot3_ws/install/my_turtlebot3_gazebo/share/my_turtlebot3_gazebo/package.xml
[6.371s] Invoked command in '/home/haruki/my_turtlebot3_ws/build/my_turtlebot3_gazebo' returned '0': CMAKE_PREFIX_PATH=${CMAKE_PREFIX_PATH}:/home/haruki/my_turtlebot3_ws/install/py_turtlebot3_gazebo:/home/haruki/turtlebot3_ws/install/turtlebot3_teleop:/home/haruki/turtlebot3_ws/install/turtlebot3_example:/opt/ros/foxy /usr/bin/cmake --install /home/haruki/my_turtlebot3_ws/build/my_turtlebot3_gazebo
