-- The C compiler identification is GNU 9.3.0
-- The CXX compiler identification is GNU 9.3.0
-- Check for working C compiler: /usr/bin/cc
-- Check for working C compiler: /usr/bin/cc -- works
-- Detecting C compiler ABI info
-- Detecting C compiler ABI info - done
-- Detecting C compile features
-- Detecting C compile features - done
-- Check for working CXX compiler: /usr/bin/c++
-- Check for working CXX compiler: /usr/bin/c++ -- works
-- Detecting CXX compiler ABI info
-- Detecting CXX compiler ABI info - done
-- Detecting CXX compile features
-- Detecting CXX compile features - done
-- Found ament_cmake: 0.9.6 (/opt/ros/foxy/share/ament_cmake/cmake)
-- Found PythonInterp: /usr/bin/python3 (found suitable version "3.8.2", minimum required is "3") 
-- Using PYTHON_EXECUTABLE: /usr/bin/python3
-- Found ament_lint_auto: 0.9.5 (/opt/ros/foxy/share/ament_lint_auto/cmake)
-- Added test 'copyright' to check source files copyright and LICENSE
-- Added test 'cppcheck' to perform static code analysis on C / C++ code
-- Configured cppcheck include dirs: $<BUILD_INTERFACE:/home/haruki/my_turtlebot3_ws/src/cpp_turtlebot_scan/include>
-- Configured cppcheck exclude dirs and/or files: 
-- Added test 'cpplint' to check C / C++ code against the Google style
-- Configured cpplint exclude dirs and/or files: 
-- Added test 'lint_cmake' to check CMake code style
-- Added test 'uncrustify' to check C / C++ code style
-- Configured uncrustify additional arguments: 
-- Added test 'xmllint' to check XML markup files
-- Configuring done
-- Generating done
-- Build files have been written to: /home/haruki/my_turtlebot3_ws/build/cpp_turtlebot_scan
[35m[1mScanning dependencies of target cpp_turtlebot3_gazebo[0m
[ 50%] [32mBuilding CXX object CMakeFiles/cpp_turtlebot3_gazebo.dir/src/cpp_turtlebot3_gazebo.cpp.o[0m
[100%] [32m[1mLinking CXX executable cpp_turtlebot3_gazebo[0m
[100%] Built target cpp_turtlebot3_gazebo
-- Install configuration: ""
-- Installing: /home/haruki/my_turtlebot3_ws/install/cpp_turtlebot_scan/lib/cpp_turtlebot_scan/cpp_turtlebot3_gazebo
-- Installing: /home/haruki/my_turtlebot3_ws/install/cpp_turtlebot_scan/share/ament_index/resource_index/package_run_dependencies/cpp_turtlebot_scan
-- Installing: /home/haruki/my_turtlebot3_ws/install/cpp_turtlebot_scan/share/ament_index/resource_index/parent_prefix_path/cpp_turtlebot_scan
-- Installing: /home/haruki/my_turtlebot3_ws/install/cpp_turtlebot_scan/share/cpp_turtlebot_scan/environment/ament_prefix_path.sh
-- Installing: /home/haruki/my_turtlebot3_ws/install/cpp_turtlebot_scan/share/cpp_turtlebot_scan/environment/ament_prefix_path.dsv
-- Installing: /home/haruki/my_turtlebot3_ws/install/cpp_turtlebot_scan/share/cpp_turtlebot_scan/environment/path.sh
-- Installing: /home/haruki/my_turtlebot3_ws/install/cpp_turtlebot_scan/share/cpp_turtlebot_scan/environment/path.dsv
-- Installing: /home/haruki/my_turtlebot3_ws/install/cpp_turtlebot_scan/share/cpp_turtlebot_scan/local_setup.bash
-- Installing: /home/haruki/my_turtlebot3_ws/install/cpp_turtlebot_scan/share/cpp_turtlebot_scan/local_setup.sh
-- Installing: /home/haruki/my_turtlebot3_ws/install/cpp_turtlebot_scan/share/cpp_turtlebot_scan/local_setup.zsh
-- Installing: /home/haruki/my_turtlebot3_ws/install/cpp_turtlebot_scan/share/cpp_turtlebot_scan/local_setup.dsv
-- Installing: /home/haruki/my_turtlebot3_ws/install/cpp_turtlebot_scan/share/cpp_turtlebot_scan/package.dsv
-- Installing: /home/haruki/my_turtlebot3_ws/install/cpp_turtlebot_scan/share/ament_index/resource_index/packages/cpp_turtlebot_scan
-- Installing: /home/haruki/my_turtlebot3_ws/install/cpp_turtlebot_scan/share/cpp_turtlebot_scan/cmake/cpp_turtlebot_scanConfig.cmake
-- Installing: /home/haruki/my_turtlebot3_ws/install/cpp_turtlebot_scan/share/cpp_turtlebot_scan/cmake/cpp_turtlebot_scanConfig-version.cmake
-- Installing: /home/haruki/my_turtlebot3_ws/install/cpp_turtlebot_scan/share/cpp_turtlebot_scan/package.xml
