[0.222s] Invoking command in '/home/haruki/my_turtlebot3_ws/build/py_turtlebot3_gazebo': PYTHONPATH=/home/haruki/my_turtlebot3_ws/install/py_turtlebot3_gazebo/lib/python3.8/site-packages:${PYTHONPATH} /usr/bin/python3 setup.py develop --prefix /home/haruki/my_turtlebot3_ws/install/py_turtlebot3_gazebo --uninstall --editable --build-directory /home/haruki/my_turtlebot3_ws/build/py_turtlebot3_gazebo/build
[0.427s] running develop
[0.569s] Invoked command in '/home/haruki/my_turtlebot3_ws/build/py_turtlebot3_gazebo' returned '0': PYTHONPATH=/home/haruki/my_turtlebot3_ws/install/py_turtlebot3_gazebo/lib/python3.8/site-packages:${PYTHONPATH} /usr/bin/python3 setup.py develop --prefix /home/haruki/my_turtlebot3_ws/install/py_turtlebot3_gazebo --uninstall --editable --build-directory /home/haruki/my_turtlebot3_ws/build/py_turtlebot3_gazebo/build
[0.570s] Invoking command in '/home/haruki/my_turtlebot3_ws/src/py_turtlebot3_gazebo': PYTHONPATH=/home/haruki/my_turtlebot3_ws/install/py_turtlebot3_gazebo/lib/python3.8/site-packages:${PYTHONPATH} /usr/bin/python3 setup.py egg_info --egg-base /home/haruki/my_turtlebot3_ws/build/py_turtlebot3_gazebo build --build-base /home/haruki/my_turtlebot3_ws/build/py_turtlebot3_gazebo/build install --prefix /home/haruki/my_turtlebot3_ws/install/py_turtlebot3_gazebo --record /home/haruki/my_turtlebot3_ws/build/py_turtlebot3_gazebo/install.log --single-version-externally-managed
[0.765s] running egg_info
[0.765s] writing /home/haruki/my_turtlebot3_ws/build/py_turtlebot3_gazebo/py_turtlebot3_gazebo.egg-info/PKG-INFO
[0.766s] writing dependency_links to /home/haruki/my_turtlebot3_ws/build/py_turtlebot3_gazebo/py_turtlebot3_gazebo.egg-info/dependency_links.txt
[0.766s] writing entry points to /home/haruki/my_turtlebot3_ws/build/py_turtlebot3_gazebo/py_turtlebot3_gazebo.egg-info/entry_points.txt
[0.766s] writing requirements to /home/haruki/my_turtlebot3_ws/build/py_turtlebot3_gazebo/py_turtlebot3_gazebo.egg-info/requires.txt
[0.766s] writing top-level names to /home/haruki/my_turtlebot3_ws/build/py_turtlebot3_gazebo/py_turtlebot3_gazebo.egg-info/top_level.txt
[0.791s] reading manifest file '/home/haruki/my_turtlebot3_ws/build/py_turtlebot3_gazebo/py_turtlebot3_gazebo.egg-info/SOURCES.txt'
[0.792s] writing manifest file '/home/haruki/my_turtlebot3_ws/build/py_turtlebot3_gazebo/py_turtlebot3_gazebo.egg-info/SOURCES.txt'
[0.792s] running build
[0.792s] running build_py
[0.792s] copying py_turtlebot3_gazebo/py_turtlebot3_drive.py -> /home/haruki/my_turtlebot3_ws/build/py_turtlebot3_gazebo/build/lib/py_turtlebot3_gazebo
[0.792s] running install
[0.792s] running install_lib
[0.793s] copying /home/haruki/my_turtlebot3_ws/build/py_turtlebot3_gazebo/build/lib/py_turtlebot3_gazebo/py_turtlebot3_drive.py -> /home/haruki/my_turtlebot3_ws/install/py_turtlebot3_gazebo/lib/python3.8/site-packages/py_turtlebot3_gazebo
[0.794s] byte-compiling /home/haruki/my_turtlebot3_ws/install/py_turtlebot3_gazebo/lib/python3.8/site-packages/py_turtlebot3_gazebo/py_turtlebot3_drive.py to py_turtlebot3_drive.cpython-38.pyc
[0.795s] running install_data
[0.796s] running install_egg_info
[0.797s] removing '/home/haruki/my_turtlebot3_ws/install/py_turtlebot3_gazebo/lib/python3.8/site-packages/py_turtlebot3_gazebo-0.0.0-py3.8.egg-info' (and everything under it)
[0.797s] Copying /home/haruki/my_turtlebot3_ws/build/py_turtlebot3_gazebo/py_turtlebot3_gazebo.egg-info to /home/haruki/my_turtlebot3_ws/install/py_turtlebot3_gazebo/lib/python3.8/site-packages/py_turtlebot3_gazebo-0.0.0-py3.8.egg-info
[0.798s] running install_scripts
[0.811s] Installing marker script to /home/haruki/my_turtlebot3_ws/install/py_turtlebot3_gazebo/lib/py_turtlebot3_gazebo
[0.811s] Installing py_turtlebot3_drive script to /home/haruki/my_turtlebot3_ws/install/py_turtlebot3_gazebo/lib/py_turtlebot3_gazebo
[0.811s] Installing py_turtlebot3_sub script to /home/haruki/my_turtlebot3_ws/install/py_turtlebot3_gazebo/lib/py_turtlebot3_gazebo
[0.811s] writing list of installed files to '/home/haruki/my_turtlebot3_ws/build/py_turtlebot3_gazebo/install.log'
[0.827s] Invoked command in '/home/haruki/my_turtlebot3_ws/src/py_turtlebot3_gazebo' returned '0': PYTHONPATH=/home/haruki/my_turtlebot3_ws/install/py_turtlebot3_gazebo/lib/python3.8/site-packages:${PYTHONPATH} /usr/bin/python3 setup.py egg_info --egg-base /home/haruki/my_turtlebot3_ws/build/py_turtlebot3_gazebo build --build-base /home/haruki/my_turtlebot3_ws/build/py_turtlebot3_gazebo/build install --prefix /home/haruki/my_turtlebot3_ws/install/py_turtlebot3_gazebo --record /home/haruki/my_turtlebot3_ws/build/py_turtlebot3_gazebo/install.log --single-version-externally-managed
