[0.025s] Invoking command in '/home/haruki/my_turtlebot3_ws/build/cpp_turtlebot_scan': CMAKE_PREFIX_PATH=${CMAKE_PREFIX_PATH}:/home/haruki/turtlebot3_ws/install/turtlebot3_teleop:/home/haruki/turtlebot3_ws/install/turtlebot3_example:/opt/ros/foxy /usr/bin/cmake --build /home/haruki/my_turtlebot3_ws/build/cpp_turtlebot_scan -- -j12 -l12
[0.091s] [100%] Built target cpp_turtlebot3_gazebo
[0.225s] Invoked command in '/home/haruki/my_turtlebot3_ws/build/cpp_turtlebot_scan' returned '0': CMAKE_PREFIX_PATH=${CMAKE_PREFIX_PATH}:/home/haruki/turtlebot3_ws/install/turtlebot3_teleop:/home/haruki/turtlebot3_ws/install/turtlebot3_example:/opt/ros/foxy /usr/bin/cmake --build /home/haruki/my_turtlebot3_ws/build/cpp_turtlebot_scan -- -j12 -l12
[0.257s] Invoking command in '/home/haruki/my_turtlebot3_ws/build/cpp_turtlebot_scan': CMAKE_PREFIX_PATH=${CMAKE_PREFIX_PATH}:/home/haruki/turtlebot3_ws/install/turtlebot3_teleop:/home/haruki/turtlebot3_ws/install/turtlebot3_example:/opt/ros/foxy /usr/bin/cmake --install /home/haruki/my_turtlebot3_ws/build/cpp_turtlebot_scan
[0.264s] -- Install configuration: ""
[0.264s] -- Up-to-date: /home/haruki/my_turtlebot3_ws/install/cpp_turtlebot_scan/lib/cpp_turtlebot_scan/cpp_turtlebot3_gazebo
[0.265s] -- Up-to-date: /home/haruki/my_turtlebot3_ws/install/cpp_turtlebot_scan/share/ament_index/resource_index/package_run_dependencies/cpp_turtlebot_scan
[0.265s] -- Up-to-date: /home/haruki/my_turtlebot3_ws/install/cpp_turtlebot_scan/share/ament_index/resource_index/parent_prefix_path/cpp_turtlebot_scan
[0.266s] -- Up-to-date: /home/haruki/my_turtlebot3_ws/install/cpp_turtlebot_scan/share/cpp_turtlebot_scan/environment/ament_prefix_path.sh
[0.266s] -- Up-to-date: /home/haruki/my_turtlebot3_ws/install/cpp_turtlebot_scan/share/cpp_turtlebot_scan/environment/ament_prefix_path.dsv
[0.266s] -- Up-to-date: /home/haruki/my_turtlebot3_ws/install/cpp_turtlebot_scan/share/cpp_turtlebot_scan/environment/path.sh
[0.266s] -- Up-to-date: /home/haruki/my_turtlebot3_ws/install/cpp_turtlebot_scan/share/cpp_turtlebot_scan/environment/path.dsv
[0.266s] -- Up-to-date: /home/haruki/my_turtlebot3_ws/install/cpp_turtlebot_scan/share/cpp_turtlebot_scan/local_setup.bash
[0.266s] -- Up-to-date: /home/haruki/my_turtlebot3_ws/install/cpp_turtlebot_scan/share/cpp_turtlebot_scan/local_setup.sh
[0.266s] -- Up-to-date: /home/haruki/my_turtlebot3_ws/install/cpp_turtlebot_scan/share/cpp_turtlebot_scan/local_setup.zsh
[0.267s] -- Up-to-date: /home/haruki/my_turtlebot3_ws/install/cpp_turtlebot_scan/share/cpp_turtlebot_scan/local_setup.dsv
[0.267s] -- Installing: /home/haruki/my_turtlebot3_ws/install/cpp_turtlebot_scan/share/cpp_turtlebot_scan/package.dsv
[0.269s] -- Up-to-date: /home/haruki/my_turtlebot3_ws/install/cpp_turtlebot_scan/share/ament_index/resource_index/packages/cpp_turtlebot_scan
[0.269s] -- Up-to-date: /home/haruki/my_turtlebot3_ws/install/cpp_turtlebot_scan/share/cpp_turtlebot_scan/cmake/cpp_turtlebot_scanConfig.cmake
[0.269s] -- Up-to-date: /home/haruki/my_turtlebot3_ws/install/cpp_turtlebot_scan/share/cpp_turtlebot_scan/cmake/cpp_turtlebot_scanConfig-version.cmake
[0.270s] -- Up-to-date: /home/haruki/my_turtlebot3_ws/install/cpp_turtlebot_scan/share/cpp_turtlebot_scan/package.xml
[0.275s] Invoked command in '/home/haruki/my_turtlebot3_ws/build/cpp_turtlebot_scan' returned '0': CMAKE_PREFIX_PATH=${CMAKE_PREFIX_PATH}:/home/haruki/turtlebot3_ws/install/turtlebot3_teleop:/home/haruki/turtlebot3_ws/install/turtlebot3_example:/opt/ros/foxy /usr/bin/cmake --install /home/haruki/my_turtlebot3_ws/build/cpp_turtlebot_scan
