[100%] Built target my_turtlebot3_drive
-- Install configuration: ""
-- Up-to-date: /home/haruki/my_turtlebot3_ws/install/my_turtlebot3_gazebo/lib/my_turtlebot3_gazebo/my_turtlebot3_drive
-- Up-to-date: /home/haruki/my_turtlebot3_ws/install/my_turtlebot3_gazebo/share/my_turtlebot3_gazebo//launch
-- Up-to-date: /home/haruki/my_turtlebot3_ws/install/my_turtlebot3_gazebo/share/my_turtlebot3_gazebo//launch/turtlebot3_world.launch.py
-- Up-to-date: /home/haruki/my_turtlebot3_ws/install/my_turtlebot3_gazebo/share/my_turtlebot3_gazebo//launch/empty_world.launch.py
-- Up-to-date: /home/haruki/my_turtlebot3_ws/install/my_turtlebot3_gazebo/share/my_turtlebot3_gazebo//launch/turtlebot3_house.launch.py
-- Up-to-date: /home/haruki/my_turtlebot3_ws/install/my_turtlebot3_gazebo/share/my_turtlebot3_gazebo//launch/robot_state_publisher.launch.py
-- Up-to-date: /home/haruki/my_turtlebot3_ws/install/my_turtlebot3_gazebo/share/my_turtlebot3_gazebo//launch/turtlebot3_autorace.launch.py
-- Up-to-date: /home/haruki/my_turtlebot3_ws/install/my_turtlebot3_gazebo/share/my_turtlebot3_gazebo//launch/turtlebot3_dqn_stage2.launch.py
-- Up-to-date: /home/haruki/my_turtlebot3_ws/install/my_turtlebot3_gazebo/share/my_turtlebot3_gazebo//launch/turtlebot3_dqn_stage1.launch.py
-- Up-to-date: /home/haruki/my_turtlebot3_ws/install/my_turtlebot3_gazebo/share/my_turtlebot3_gazebo//launch/turtlebot3_dqn_stage4.launch.py
-- Up-to-date: /home/haruki/my_turtlebot3_ws/install/my_turtlebot3_gazebo/share/my_turtlebot3_gazebo//launch/turtlebot3_dqn_stage3.launch.py
-- Up-to-date: /home/haruki/my_turtlebot3_ws/install/my_turtlebot3_gazebo/share/my_turtlebot3_gazebo//models
-- Up-to-date: /home/haruki/my_turtlebot3_ws/install/my_turtlebot3_gazebo/share/my_turtlebot3_gazebo//models/turtlebot3_autorace
-- Up-to-date: /home/haruki/my_turtlebot3_ws/install/my_turtlebot3_gazebo/share/my_turtlebot3_gazebo//models/turtlebot3_autorace/course
-- Up-to-date: /home/haruki/my_turtlebot3_ws/install/my_turtlebot3_gazebo/share/my_turtlebot3_gazebo//models/turtlebot3_autorace/course/model.config
-- Up-to-date: /home/haruki/my_turtlebot3_ws/install/my_turtlebot3_gazebo/share/my_turtlebot3_gazebo//models/turtlebot3_autorace/course/materials
-- Up-to-date: /home/haruki/my_turtlebot3_ws/install/my_turtlebot3_gazebo/share/my_turtlebot3_gazebo//models/turtlebot3_autorace/course/materials/textures
-- Up-to-date: /home/haruki/my_turtlebot3_ws/install/my_turtlebot3_gazebo/share/my_turtlebot3_gazebo//models/turtlebot3_autorace/course/materials/textures/course.png
-- Up-to-date: /home/haruki/my_turtlebot3_ws/install/my_turtlebot3_gazebo/share/my_turtlebot3_gazebo//models/turtlebot3_autorace/course/materials/scripts
-- Up-to-date: /home/haruki/my_turtlebot3_ws/install/my_turtlebot3_gazebo/share/my_turtlebot3_gazebo//models/turtlebot3_autorace/course/materials/scripts/course.material
-- Up-to-date: /home/haruki/my_turtlebot3_ws/install/my_turtlebot3_gazebo/share/my_turtlebot3_gazebo//models/turtlebot3_autorace/course/model.sdf
-- Up-to-date: /home/haruki/my_turtlebot3_ws/install/my_turtlebot3_gazebo/share/my_turtlebot3_gazebo//models/turtlebot3_autorace/traffic_light_green
-- Up-to-date: /home/haruki/my_turtlebot3_ws/install/my_turtlebot3_gazebo/share/my_turtlebot3_gazebo//models/turtlebot3_autorace/traffic_light_green/model.config
-- Up-to-date: /home/haruki/my_turtlebot3_ws/install/my_turtlebot3_gazebo/share/my_turtlebot3_gazebo//models/turtlebot3_autorace/traffic_light_green/model.sdf
-- Up-to-date: /home/haruki/my_turtlebot3_ws/install/my_turtlebot3_gazebo/share/my_turtlebot3_gazebo//models/turtlebot3_autorace/traffic_bar_down
-- Up-to-date: /home/haruki/my_turtlebot3_ws/install/my_turtlebot3_gazebo/share/my_turtlebot3_gazebo//models/turtlebot3_autorace/traffic_bar_down/model.config
-- Up-to-date: /home/haruki/my_turtlebot3_ws/install/my_turtlebot3_gazebo/share/my_turtlebot3_gazebo//models/turtlebot3_autorace/traffic_bar_down/materials
-- Up-to-date: /home/haruki/my_turtlebot3_ws/install/my_turtlebot3_gazebo/share/my_turtlebot3_gazebo//models/turtlebot3_autorace/traffic_bar_down/materials/textures
-- Up-to-date: /home/haruki/my_turtlebot3_ws/install/my_turtlebot3_gazebo/share/my_turtlebot3_gazebo//models/turtlebot3_autorace/traffic_bar_down/materials/textures/traffic_bar.png
-- Up-to-date: /home/haruki/my_turtlebot3_ws/install/my_turtlebot3_gazebo/share/my_turtlebot3_gazebo//models/turtlebot3_autorace/traffic_bar_down/materials/scripts
-- Up-to-date: /home/haruki/my_turtlebot3_ws/install/my_turtlebot3_gazebo/share/my_turtlebot3_gazebo//models/turtlebot3_autorace/traffic_bar_down/materials/scripts/traffic_bar.material
-- Up-to-date: /home/haruki/my_turtlebot3_ws/install/my_turtlebot3_gazebo/share/my_turtlebot3_gazebo//models/turtlebot3_autorace/traffic_bar_down/model.sdf
-- Up-to-date: /home/haruki/my_turtlebot3_ws/install/my_turtlebot3_gazebo/share/my_turtlebot3_gazebo//models/turtlebot3_autorace/traffic_light_red
-- Up-to-date: /home/haruki/my_turtlebot3_ws/install/my_turtlebot3_gazebo/share/my_turtlebot3_gazebo//models/turtlebot3_autorace/traffic_light_red/model.config
-- Up-to-date: /home/haruki/my_turtlebot3_ws/install/my_turtlebot3_gazebo/share/my_turtlebot3_gazebo//models/turtlebot3_autorace/traffic_light_red/model.sdf
-- Up-to-date: /home/haruki/my_turtlebot3_ws/install/my_turtlebot3_gazebo/share/my_turtlebot3_gazebo//models/turtlebot3_autorace/traffic_tunnel
-- Up-to-date: /home/haruki/my_turtlebot3_ws/install/my_turtlebot3_gazebo/share/my_turtlebot3_gazebo//models/turtlebot3_autorace/traffic_tunnel/model.config
-- Up-to-date: /home/haruki/my_turtlebot3_ws/install/my_turtlebot3_gazebo/share/my_turtlebot3_gazebo//models/turtlebot3_autorace/traffic_tunnel/materials
-- Up-to-date: /home/haruki/my_turtlebot3_ws/install/my_turtlebot3_gazebo/share/my_turtlebot3_gazebo//models/turtlebot3_autorace/traffic_tunnel/materials/textures
-- Up-to-date: /home/haruki/my_turtlebot3_ws/install/my_turtlebot3_gazebo/share/my_turtlebot3_gazebo//models/turtlebot3_autorace/traffic_tunnel/materials/textures/tunnel.png
-- Up-to-date: /home/haruki/my_turtlebot3_ws/install/my_turtlebot3_gazebo/share/my_turtlebot3_gazebo//models/turtlebot3_autorace/traffic_tunnel/materials/scripts
-- Up-to-date: /home/haruki/my_turtlebot3_ws/install/my_turtlebot3_gazebo/share/my_turtlebot3_gazebo//models/turtlebot3_autorace/traffic_tunnel/materials/scripts/tunnel.material
-- Up-to-date: /home/haruki/my_turtlebot3_ws/install/my_turtlebot3_gazebo/share/my_turtlebot3_gazebo//models/turtlebot3_autorace/traffic_tunnel/model.sdf
-- Up-to-date: /home/haruki/my_turtlebot3_ws/install/my_turtlebot3_gazebo/share/my_turtlebot3_gazebo//models/turtlebot3_autorace/lights
-- Up-to-date: /home/haruki/my_turtlebot3_ws/install/my_turtlebot3_gazebo/share/my_turtlebot3_gazebo//models/turtlebot3_autorace/lights/model.config
-- Up-to-date: /home/haruki/my_turtlebot3_ws/install/my_turtlebot3_gazebo/share/my_turtlebot3_gazebo//models/turtlebot3_autorace/lights/model.sdf
-- Up-to-date: /home/haruki/my_turtlebot3_ws/install/my_turtlebot3_gazebo/share/my_turtlebot3_gazebo//models/turtlebot3_autorace/tunnel_wall
-- Up-to-date: /home/haruki/my_turtlebot3_ws/install/my_turtlebot3_gazebo/share/my_turtlebot3_gazebo//models/turtlebot3_autorace/tunnel_wall/model.config
-- Up-to-date: /home/haruki/my_turtlebot3_ws/install/my_turtlebot3_gazebo/share/my_turtlebot3_gazebo//models/turtlebot3_autorace/tunnel_wall/model.sdf
-- Up-to-date: /home/haruki/my_turtlebot3_ws/install/my_turtlebot3_gazebo/share/my_turtlebot3_gazebo//models/turtlebot3_autorace/traffic_parking
-- Up-to-date: /home/haruki/my_turtlebot3_ws/install/my_turtlebot3_gazebo/share/my_turtlebot3_gazebo//models/turtlebot3_autorace/traffic_parking/model.config
-- Up-to-date: /home/haruki/my_turtlebot3_ws/install/my_turtlebot3_gazebo/share/my_turtlebot3_gazebo//models/turtlebot3_autorace/traffic_parking/materials
-- Up-to-date: /home/haruki/my_turtlebot3_ws/install/my_turtlebot3_gazebo/share/my_turtlebot3_gazebo//models/turtlebot3_autorace/traffic_parking/materials/textures
-- Up-to-date: /home/haruki/my_turtlebot3_ws/install/my_turtlebot3_gazebo/share/my_turtlebot3_gazebo//models/turtlebot3_autorace/traffic_parking/materials/textures/traffic_parking.png
-- Up-to-date: /home/haruki/my_turtlebot3_ws/install/my_turtlebot3_gazebo/share/my_turtlebot3_gazebo//models/turtlebot3_autorace/traffic_parking/materials/scripts
-- Up-to-date: /home/haruki/my_turtlebot3_ws/install/my_turtlebot3_gazebo/share/my_turtlebot3_gazebo//models/turtlebot3_autorace/traffic_parking/materials/scripts/traffic_parking.material
-- Up-to-date: /home/haruki/my_turtlebot3_ws/install/my_turtlebot3_gazebo/share/my_turtlebot3_gazebo//models/turtlebot3_autorace/traffic_parking/model.sdf
-- Up-to-date: /home/haruki/my_turtlebot3_ws/install/my_turtlebot3_gazebo/share/my_turtlebot3_gazebo//models/turtlebot3_autorace/traffic_bar_up
-- Up-to-date: /home/haruki/my_turtlebot3_ws/install/my_turtlebot3_gazebo/share/my_turtlebot3_gazebo//models/turtlebot3_autorace/traffic_bar_up/model.config
-- Up-to-date: /home/haruki/my_turtlebot3_ws/install/my_turtlebot3_gazebo/share/my_turtlebot3_gazebo//models/turtlebot3_autorace/traffic_bar_up/materials
-- Up-to-date: /home/haruki/my_turtlebot3_ws/install/my_turtlebot3_gazebo/share/my_turtlebot3_gazebo//models/turtlebot3_autorace/traffic_bar_up/materials/textures
-- Up-to-date: /home/haruki/my_turtlebot3_ws/install/my_turtlebot3_gazebo/share/my_turtlebot3_gazebo//models/turtlebot3_autorace/traffic_bar_up/materials/textures/traffic_bar.png
-- Up-to-date: /home/haruki/my_turtlebot3_ws/install/my_turtlebot3_gazebo/share/my_turtlebot3_gazebo//models/turtlebot3_autorace/traffic_bar_up/materials/scripts
-- Up-to-date: /home/haruki/my_turtlebot3_ws/install/my_turtlebot3_gazebo/share/my_turtlebot3_gazebo//models/turtlebot3_autorace/traffic_bar_up/materials/scripts/traffic_bar.material
-- Up-to-date: /home/haruki/my_turtlebot3_ws/install/my_turtlebot3_gazebo/share/my_turtlebot3_gazebo//models/turtlebot3_autorace/traffic_bar_up/model.sdf
-- Up-to-date: /home/haruki/my_turtlebot3_ws/install/my_turtlebot3_gazebo/share/my_turtlebot3_gazebo//models/turtlebot3_autorace/ground
-- Up-to-date: /home/haruki/my_turtlebot3_ws/install/my_turtlebot3_gazebo/share/my_turtlebot3_gazebo//models/turtlebot3_autorace/ground/model.config
-- Up-to-date: /home/haruki/my_turtlebot3_ws/install/my_turtlebot3_gazebo/share/my_turtlebot3_gazebo//models/turtlebot3_autorace/ground/model.sdf
-- Up-to-date: /home/haruki/my_turtlebot3_ws/install/my_turtlebot3_gazebo/share/my_turtlebot3_gazebo//models/turtlebot3_autorace/model.config
-- Up-to-date: /home/haruki/my_turtlebot3_ws/install/my_turtlebot3_gazebo/share/my_turtlebot3_gazebo//models/turtlebot3_autorace/traffic_light_yellow
-- Up-to-date: /home/haruki/my_turtlebot3_ws/install/my_turtlebot3_gazebo/share/my_turtlebot3_gazebo//models/turtlebot3_autorace/traffic_light_yellow/model.config
-- Up-to-date: /home/haruki/my_turtlebot3_ws/install/my_turtlebot3_gazebo/share/my_turtlebot3_gazebo//models/turtlebot3_autorace/traffic_light_yellow/model.sdf
-- Up-to-date: /home/haruki/my_turtlebot3_ws/install/my_turtlebot3_gazebo/share/my_turtlebot3_gazebo//models/turtlebot3_autorace/tunnel_obstacles
-- Up-to-date: /home/haruki/my_turtlebot3_ws/install/my_turtlebot3_gazebo/share/my_turtlebot3_gazebo//models/turtlebot3_autorace/tunnel_obstacles/model.config
-- Up-to-date: /home/haruki/my_turtlebot3_ws/install/my_turtlebot3_gazebo/share/my_turtlebot3_gazebo//models/turtlebot3_autorace/tunnel_obstacles/model.sdf
-- Up-to-date: /home/haruki/my_turtlebot3_ws/install/my_turtlebot3_gazebo/share/my_turtlebot3_gazebo//models/turtlebot3_autorace/traffic_stop
-- Up-to-date: /home/haruki/my_turtlebot3_ws/install/my_turtlebot3_gazebo/share/my_turtlebot3_gazebo//models/turtlebot3_autorace/traffic_stop/model.config
-- Up-to-date: /home/haruki/my_turtlebot3_ws/install/my_turtlebot3_gazebo/share/my_turtlebot3_gazebo//models/turtlebot3_autorace/traffic_stop/materials
-- Up-to-date: /home/haruki/my_turtlebot3_ws/install/my_turtlebot3_gazebo/share/my_turtlebot3_gazebo//models/turtlebot3_autorace/traffic_stop/materials/textures
-- Up-to-date: /home/haruki/my_turtlebot3_ws/install/my_turtlebot3_gazebo/share/my_turtlebot3_gazebo//models/turtlebot3_autorace/traffic_stop/materials/textures/traffic_stop.png
-- Up-to-date: /home/haruki/my_turtlebot3_ws/install/my_turtlebot3_gazebo/share/my_turtlebot3_gazebo//models/turtlebot3_autorace/traffic_stop/materials/scripts
-- Up-to-date: /home/haruki/my_turtlebot3_ws/install/my_turtlebot3_gazebo/share/my_turtlebot3_gazebo//models/turtlebot3_autorace/traffic_stop/materials/scripts/traffic_stop.material
-- Up-to-date: /home/haruki/my_turtlebot3_ws/install/my_turtlebot3_gazebo/share/my_turtlebot3_gazebo//models/turtlebot3_autorace/traffic_stop/model.sdf
-- Up-to-date: /home/haruki/my_turtlebot3_ws/install/my_turtlebot3_gazebo/share/my_turtlebot3_gazebo//models/turtlebot3_waffle_pi
-- Up-to-date: /home/haruki/my_turtlebot3_ws/install/my_turtlebot3_gazebo/share/my_turtlebot3_gazebo//models/turtlebot3_waffle_pi/meshes
-- Up-to-date: /home/haruki/my_turtlebot3_ws/install/my_turtlebot3_gazebo/share/my_turtlebot3_gazebo//models/turtlebot3_waffle_pi/meshes/left_tire.dae
-- Up-to-date: /home/haruki/my_turtlebot3_ws/install/my_turtlebot3_gazebo/share/my_turtlebot3_gazebo//models/turtlebot3_waffle_pi/meshes/right_tire.dae
-- Up-to-date: /home/haruki/my_turtlebot3_ws/install/my_turtlebot3_gazebo/share/my_turtlebot3_gazebo//models/turtlebot3_waffle_pi/meshes/waffle_pi_base.dae
-- Up-to-date: /home/haruki/my_turtlebot3_ws/install/my_turtlebot3_gazebo/share/my_turtlebot3_gazebo//models/turtlebot3_waffle_pi/meshes/lds.dae
-- Up-to-date: /home/haruki/my_turtlebot3_ws/install/my_turtlebot3_gazebo/share/my_turtlebot3_gazebo//models/turtlebot3_waffle_pi/model.config
-- Up-to-date: /home/haruki/my_turtlebot3_ws/install/my_turtlebot3_gazebo/share/my_turtlebot3_gazebo//models/turtlebot3_waffle_pi/model.sdf
-- Up-to-date: /home/haruki/my_turtlebot3_ws/install/my_turtlebot3_gazebo/share/my_turtlebot3_gazebo//models/turtlebot3_waffle_pi/model-1_4.sdf
-- Up-to-date: /home/haruki/my_turtlebot3_ws/install/my_turtlebot3_gazebo/share/my_turtlebot3_gazebo//models/turtlebot3_house
-- Up-to-date: /home/haruki/my_turtlebot3_ws/install/my_turtlebot3_gazebo/share/my_turtlebot3_gazebo//models/turtlebot3_house/model.config
-- Up-to-date: /home/haruki/my_turtlebot3_ws/install/my_turtlebot3_gazebo/share/my_turtlebot3_gazebo//models/turtlebot3_house/model.sdf
-- Up-to-date: /home/haruki/my_turtlebot3_ws/install/my_turtlebot3_gazebo/share/my_turtlebot3_gazebo//models/turtlebot3_dqn_world
-- Up-to-date: /home/haruki/my_turtlebot3_ws/install/my_turtlebot3_gazebo/share/my_turtlebot3_gazebo//models/turtlebot3_dqn_world/obstacles
-- Up-to-date: /home/haruki/my_turtlebot3_ws/install/my_turtlebot3_gazebo/share/my_turtlebot3_gazebo//models/turtlebot3_dqn_world/obstacles/model.config
-- Up-to-date: /home/haruki/my_turtlebot3_ws/install/my_turtlebot3_gazebo/share/my_turtlebot3_gazebo//models/turtlebot3_dqn_world/obstacles/model.sdf
-- Up-to-date: /home/haruki/my_turtlebot3_ws/install/my_turtlebot3_gazebo/share/my_turtlebot3_gazebo//models/turtlebot3_dqn_world/obstacle_plugin
-- Up-to-date: /home/haruki/my_turtlebot3_ws/install/my_turtlebot3_gazebo/share/my_turtlebot3_gazebo//models/turtlebot3_dqn_world/obstacle_plugin/CMakeLists.txt
-- Up-to-date: /home/haruki/my_turtlebot3_ws/install/my_turtlebot3_gazebo/share/my_turtlebot3_gazebo//models/turtlebot3_dqn_world/obstacle_plugin/obstacle1.cc
-- Up-to-date: /home/haruki/my_turtlebot3_ws/install/my_turtlebot3_gazebo/share/my_turtlebot3_gazebo//models/turtlebot3_dqn_world/obstacle_plugin/obstacle2.cc
-- Up-to-date: /home/haruki/my_turtlebot3_ws/install/my_turtlebot3_gazebo/share/my_turtlebot3_gazebo//models/turtlebot3_dqn_world/obstacle_plugin/obstacles.cc
-- Up-to-date: /home/haruki/my_turtlebot3_ws/install/my_turtlebot3_gazebo/share/my_turtlebot3_gazebo//models/turtlebot3_dqn_world/obstacle_plugin/build
-- Up-to-date: /home/haruki/my_turtlebot3_ws/install/my_turtlebot3_gazebo/share/my_turtlebot3_gazebo//models/turtlebot3_dqn_world/obstacle_plugin/build/Makefile
-- Up-to-date: /home/haruki/my_turtlebot3_ws/install/my_turtlebot3_gazebo/share/my_turtlebot3_gazebo//models/turtlebot3_dqn_world/obstacle_plugin/build/CMakeFiles
-- Up-to-date: /home/haruki/my_turtlebot3_ws/install/my_turtlebot3_gazebo/share/my_turtlebot3_gazebo//models/turtlebot3_dqn_world/obstacle_plugin/build/CMakeFiles/progress.marks
-- Up-to-date: /home/haruki/my_turtlebot3_ws/install/my_turtlebot3_gazebo/share/my_turtlebot3_gazebo//models/turtlebot3_dqn_world/obstacle_plugin/build/CMakeFiles/obstacle2.dir
-- Up-to-date: /home/haruki/my_turtlebot3_ws/install/my_turtlebot3_gazebo/share/my_turtlebot3_gazebo//models/turtlebot3_dqn_world/obstacle_plugin/build/CMakeFiles/obstacle2.dir/link.txt
-- Up-to-date: /home/haruki/my_turtlebot3_ws/install/my_turtlebot3_gazebo/share/my_turtlebot3_gazebo//models/turtlebot3_dqn_world/obstacle_plugin/build/CMakeFiles/obstacle2.dir/depend.make
-- Up-to-date: /home/haruki/my_turtlebot3_ws/install/my_turtlebot3_gazebo/share/my_turtlebot3_gazebo//models/turtlebot3_dqn_world/obstacle_plugin/build/CMakeFiles/obstacle2.dir/obstacle2.cc.o
-- Up-to-date: /home/haruki/my_turtlebot3_ws/install/my_turtlebot3_gazebo/share/my_turtlebot3_gazebo//models/turtlebot3_dqn_world/obstacle_plugin/build/CMakeFiles/obstacle2.dir/CXX.includecache
-- Up-to-date: /home/haruki/my_turtlebot3_ws/install/my_turtlebot3_gazebo/share/my_turtlebot3_gazebo//models/turtlebot3_dqn_world/obstacle_plugin/build/CMakeFiles/obstacle2.dir/cmake_clean.cmake
-- Up-to-date: /home/haruki/my_turtlebot3_ws/install/my_turtlebot3_gazebo/share/my_turtlebot3_gazebo//models/turtlebot3_dqn_world/obstacle_plugin/build/CMakeFiles/obstacle2.dir/flags.make
-- Up-to-date: /home/haruki/my_turtlebot3_ws/install/my_turtlebot3_gazebo/share/my_turtlebot3_gazebo//models/turtlebot3_dqn_world/obstacle_plugin/build/CMakeFiles/obstacle2.dir/DependInfo.cmake
-- Up-to-date: /home/haruki/my_turtlebot3_ws/install/my_turtlebot3_gazebo/share/my_turtlebot3_gazebo//models/turtlebot3_dqn_world/obstacle_plugin/build/CMakeFiles/obstacle2.dir/build.make
-- Up-to-date: /home/haruki/my_turtlebot3_ws/install/my_turtlebot3_gazebo/share/my_turtlebot3_gazebo//models/turtlebot3_dqn_world/obstacle_plugin/build/CMakeFiles/obstacle2.dir/progress.make
-- Up-to-date: /home/haruki/my_turtlebot3_ws/install/my_turtlebot3_gazebo/share/my_turtlebot3_gazebo//models/turtlebot3_dqn_world/obstacle_plugin/build/CMakeFiles/obstacle2.dir/depend.internal
-- Up-to-date: /home/haruki/my_turtlebot3_ws/install/my_turtlebot3_gazebo/share/my_turtlebot3_gazebo//models/turtlebot3_dqn_world/obstacle_plugin/build/CMakeFiles/feature_tests.bin
-- Up-to-date: /home/haruki/my_turtlebot3_ws/install/my_turtlebot3_gazebo/share/my_turtlebot3_gazebo//models/turtlebot3_dqn_world/obstacle_plugin/build/CMakeFiles/CMakeOutput.log
-- Up-to-date: /home/haruki/my_turtlebot3_ws/install/my_turtlebot3_gazebo/share/my_turtlebot3_gazebo//models/turtlebot3_dqn_world/obstacle_plugin/build/CMakeFiles/feature_tests.cxx
-- Up-to-date: /home/haruki/my_turtlebot3_ws/install/my_turtlebot3_gazebo/share/my_turtlebot3_gazebo//models/turtlebot3_dqn_world/obstacle_plugin/build/CMakeFiles/cmake.check_cache
-- Up-to-date: /home/haruki/my_turtlebot3_ws/install/my_turtlebot3_gazebo/share/my_turtlebot3_gazebo//models/turtlebot3_dqn_world/obstacle_plugin/build/CMakeFiles/obstacles.dir
-- Up-to-date: /home/haruki/my_turtlebot3_ws/install/my_turtlebot3_gazebo/share/my_turtlebot3_gazebo//models/turtlebot3_dqn_world/obstacle_plugin/build/CMakeFiles/obstacles.dir/link.txt
-- Up-to-date: /home/haruki/my_turtlebot3_ws/install/my_turtlebot3_gazebo/share/my_turtlebot3_gazebo//models/turtlebot3_dqn_world/obstacle_plugin/build/CMakeFiles/obstacles.dir/depend.make
-- Up-to-date: /home/haruki/my_turtlebot3_ws/install/my_turtlebot3_gazebo/share/my_turtlebot3_gazebo//models/turtlebot3_dqn_world/obstacle_plugin/build/CMakeFiles/obstacles.dir/CXX.includecache
-- Up-to-date: /home/haruki/my_turtlebot3_ws/install/my_turtlebot3_gazebo/share/my_turtlebot3_gazebo//models/turtlebot3_dqn_world/obstacle_plugin/build/CMakeFiles/obstacles.dir/cmake_clean.cmake
-- Up-to-date: /home/haruki/my_turtlebot3_ws/install/my_turtlebot3_gazebo/share/my_turtlebot3_gazebo//models/turtlebot3_dqn_world/obstacle_plugin/build/CMakeFiles/obstacles.dir/flags.make
-- Up-to-date: /home/haruki/my_turtlebot3_ws/install/my_turtlebot3_gazebo/share/my_turtlebot3_gazebo//models/turtlebot3_dqn_world/obstacle_plugin/build/CMakeFiles/obstacles.dir/DependInfo.cmake
-- Up-to-date: /home/haruki/my_turtlebot3_ws/install/my_turtlebot3_gazebo/share/my_turtlebot3_gazebo//models/turtlebot3_dqn_world/obstacle_plugin/build/CMakeFiles/obstacles.dir/build.make
-- Up-to-date: /home/haruki/my_turtlebot3_ws/install/my_turtlebot3_gazebo/share/my_turtlebot3_gazebo//models/turtlebot3_dqn_world/obstacle_plugin/build/CMakeFiles/obstacles.dir/progress.make
-- Up-to-date: /home/haruki/my_turtlebot3_ws/install/my_turtlebot3_gazebo/share/my_turtlebot3_gazebo//models/turtlebot3_dqn_world/obstacle_plugin/build/CMakeFiles/obstacles.dir/obstacles.cc.o
-- Up-to-date: /home/haruki/my_turtlebot3_ws/install/my_turtlebot3_gazebo/share/my_turtlebot3_gazebo//models/turtlebot3_dqn_world/obstacle_plugin/build/CMakeFiles/obstacles.dir/depend.internal
-- Up-to-date: /home/haruki/my_turtlebot3_ws/install/my_turtlebot3_gazebo/share/my_turtlebot3_gazebo//models/turtlebot3_dqn_world/obstacle_plugin/build/CMakeFiles/Makefile.cmake
-- Up-to-date: /home/haruki/my_turtlebot3_ws/install/my_turtlebot3_gazebo/share/my_turtlebot3_gazebo//models/turtlebot3_dqn_world/obstacle_plugin/build/CMakeFiles/obstacle1.dir
-- Up-to-date: /home/haruki/my_turtlebot3_ws/install/my_turtlebot3_gazebo/share/my_turtlebot3_gazebo//models/turtlebot3_dqn_world/obstacle_plugin/build/CMakeFiles/obstacle1.dir/link.txt
-- Up-to-date: /home/haruki/my_turtlebot3_ws/install/my_turtlebot3_gazebo/share/my_turtlebot3_gazebo//models/turtlebot3_dqn_world/obstacle_plugin/build/CMakeFiles/obstacle1.dir/obstacle1.cc.o
-- Up-to-date: /home/haruki/my_turtlebot3_ws/install/my_turtlebot3_gazebo/share/my_turtlebot3_gazebo//models/turtlebot3_dqn_world/obstacle_plugin/build/CMakeFiles/obstacle1.dir/depend.make
-- Up-to-date: /home/haruki/my_turtlebot3_ws/install/my_turtlebot3_gazebo/share/my_turtlebot3_gazebo//models/turtlebot3_dqn_world/obstacle_plugin/build/CMakeFiles/obstacle1.dir/CXX.includecache
-- Up-to-date: /home/haruki/my_turtlebot3_ws/install/my_turtlebot3_gazebo/share/my_turtlebot3_gazebo//models/turtlebot3_dqn_world/obstacle_plugin/build/CMakeFiles/obstacle1.dir/cmake_clean.cmake
-- Up-to-date: /home/haruki/my_turtlebot3_ws/install/my_turtlebot3_gazebo/share/my_turtlebot3_gazebo//models/turtlebot3_dqn_world/obstacle_plugin/build/CMakeFiles/obstacle1.dir/flags.make
-- Up-to-date: /home/haruki/my_turtlebot3_ws/install/my_turtlebot3_gazebo/share/my_turtlebot3_gazebo//models/turtlebot3_dqn_world/obstacle_plugin/build/CMakeFiles/obstacle1.dir/DependInfo.cmake
-- Up-to-date: /home/haruki/my_turtlebot3_ws/install/my_turtlebot3_gazebo/share/my_turtlebot3_gazebo//models/turtlebot3_dqn_world/obstacle_plugin/build/CMakeFiles/obstacle1.dir/build.make
-- Up-to-date: /home/haruki/my_turtlebot3_ws/install/my_turtlebot3_gazebo/share/my_turtlebot3_gazebo//models/turtlebot3_dqn_world/obstacle_plugin/build/CMakeFiles/obstacle1.dir/progress.make
-- Up-to-date: /home/haruki/my_turtlebot3_ws/install/my_turtlebot3_gazebo/share/my_turtlebot3_gazebo//models/turtlebot3_dqn_world/obstacle_plugin/build/CMakeFiles/obstacle1.dir/depend.internal
-- Up-to-date: /home/haruki/my_turtlebot3_ws/install/my_turtlebot3_gazebo/share/my_turtlebot3_gazebo//models/turtlebot3_dqn_world/obstacle_plugin/build/CMakeFiles/3.10.2
-- Up-to-date: /home/haruki/my_turtlebot3_ws/install/my_turtlebot3_gazebo/share/my_turtlebot3_gazebo//models/turtlebot3_dqn_world/obstacle_plugin/build/CMakeFiles/3.10.2/CMakeDetermineCompilerABI_C.bin
-- Up-to-date: /home/haruki/my_turtlebot3_ws/install/my_turtlebot3_gazebo/share/my_turtlebot3_gazebo//models/turtlebot3_dqn_world/obstacle_plugin/build/CMakeFiles/3.10.2/CompilerIdC
-- Up-to-date: /home/haruki/my_turtlebot3_ws/install/my_turtlebot3_gazebo/share/my_turtlebot3_gazebo//models/turtlebot3_dqn_world/obstacle_plugin/build/CMakeFiles/3.10.2/CompilerIdC/a.out
-- Up-to-date: /home/haruki/my_turtlebot3_ws/install/my_turtlebot3_gazebo/share/my_turtlebot3_gazebo//models/turtlebot3_dqn_world/obstacle_plugin/build/CMakeFiles/3.10.2/CompilerIdC/CMakeCCompilerId.c
-- Up-to-date: /home/haruki/my_turtlebot3_ws/install/my_turtlebot3_gazebo/share/my_turtlebot3_gazebo//models/turtlebot3_dqn_world/obstacle_plugin/build/CMakeFiles/3.10.2/CMakeCXXCompiler.cmake
-- Up-to-date: /home/haruki/my_turtlebot3_ws/install/my_turtlebot3_gazebo/share/my_turtlebot3_gazebo//models/turtlebot3_dqn_world/obstacle_plugin/build/CMakeFiles/3.10.2/CMakeSystem.cmake
-- Up-to-date: /home/haruki/my_turtlebot3_ws/install/my_turtlebot3_gazebo/share/my_turtlebot3_gazebo//models/turtlebot3_dqn_world/obstacle_plugin/build/CMakeFiles/3.10.2/CMakeDetermineCompilerABI_CXX.bin
-- Up-to-date: /home/haruki/my_turtlebot3_ws/install/my_turtlebot3_gazebo/share/my_turtlebot3_gazebo//models/turtlebot3_dqn_world/obstacle_plugin/build/CMakeFiles/3.10.2/CMakeCCompiler.cmake
-- Up-to-date: /home/haruki/my_turtlebot3_ws/install/my_turtlebot3_gazebo/share/my_turtlebot3_gazebo//models/turtlebot3_dqn_world/obstacle_plugin/build/CMakeFiles/3.10.2/CompilerIdCXX
-- Up-to-date: /home/haruki/my_turtlebot3_ws/install/my_turtlebot3_gazebo/share/my_turtlebot3_gazebo//models/turtlebot3_dqn_world/obstacle_plugin/build/CMakeFiles/3.10.2/CompilerIdCXX/a.out
-- Up-to-date: /home/haruki/my_turtlebot3_ws/install/my_turtlebot3_gazebo/share/my_turtlebot3_gazebo//models/turtlebot3_dqn_world/obstacle_plugin/build/CMakeFiles/3.10.2/CompilerIdCXX/CMakeCXXCompilerId.cpp
-- Up-to-date: /home/haruki/my_turtlebot3_ws/install/my_turtlebot3_gazebo/share/my_turtlebot3_gazebo//models/turtlebot3_dqn_world/obstacle_plugin/build/CMakeFiles/TargetDirectories.txt
-- Up-to-date: /home/haruki/my_turtlebot3_ws/install/my_turtlebot3_gazebo/share/my_turtlebot3_gazebo//models/turtlebot3_dqn_world/obstacle_plugin/build/CMakeFiles/CMakeError.log
-- Up-to-date: /home/haruki/my_turtlebot3_ws/install/my_turtlebot3_gazebo/share/my_turtlebot3_gazebo//models/turtlebot3_dqn_world/obstacle_plugin/build/CMakeFiles/CMakeDirectoryInformation.cmake
-- Up-to-date: /home/haruki/my_turtlebot3_ws/install/my_turtlebot3_gazebo/share/my_turtlebot3_gazebo//models/turtlebot3_dqn_world/obstacle_plugin/build/CMakeFiles/Makefile2
-- Up-to-date: /home/haruki/my_turtlebot3_ws/install/my_turtlebot3_gazebo/share/my_turtlebot3_gazebo//models/turtlebot3_dqn_world/obstacle_plugin/build/CMakeFiles/feature_tests.c
-- Up-to-date: /home/haruki/my_turtlebot3_ws/install/my_turtlebot3_gazebo/share/my_turtlebot3_gazebo//models/turtlebot3_dqn_world/obstacle_plugin/build/libobstacle2.so
-- Up-to-date: /home/haruki/my_turtlebot3_ws/install/my_turtlebot3_gazebo/share/my_turtlebot3_gazebo//models/turtlebot3_dqn_world/obstacle_plugin/build/cmake_install.cmake
-- Up-to-date: /home/haruki/my_turtlebot3_ws/install/my_turtlebot3_gazebo/share/my_turtlebot3_gazebo//models/turtlebot3_dqn_world/obstacle_plugin/build/libobstacle1.so
-- Up-to-date: /home/haruki/my_turtlebot3_ws/install/my_turtlebot3_gazebo/share/my_turtlebot3_gazebo//models/turtlebot3_dqn_world/obstacle_plugin/build/CMakeTmp
-- Up-to-date: /home/haruki/my_turtlebot3_ws/install/my_turtlebot3_gazebo/share/my_turtlebot3_gazebo//models/turtlebot3_dqn_world/obstacle_plugin/build/CMakeTmp/test_freeimage.c
-- Up-to-date: /home/haruki/my_turtlebot3_ws/install/my_turtlebot3_gazebo/share/my_turtlebot3_gazebo//models/turtlebot3_dqn_world/obstacle_plugin/build/CMakeCache.txt
-- Up-to-date: /home/haruki/my_turtlebot3_ws/install/my_turtlebot3_gazebo/share/my_turtlebot3_gazebo//models/turtlebot3_dqn_world/obstacle_plugin/build/libobstacles.so
-- Up-to-date: /home/haruki/my_turtlebot3_ws/install/my_turtlebot3_gazebo/share/my_turtlebot3_gazebo//models/turtlebot3_dqn_world/obstacle2
-- Up-to-date: /home/haruki/my_turtlebot3_ws/install/my_turtlebot3_gazebo/share/my_turtlebot3_gazebo//models/turtlebot3_dqn_world/obstacle2/model.config
-- Up-to-date: /home/haruki/my_turtlebot3_ws/install/my_turtlebot3_gazebo/share/my_turtlebot3_gazebo//models/turtlebot3_dqn_world/obstacle2/model.sdf
-- Up-to-date: /home/haruki/my_turtlebot3_ws/install/my_turtlebot3_gazebo/share/my_turtlebot3_gazebo//models/turtlebot3_dqn_world/obstacle1
-- Up-to-date: /home/haruki/my_turtlebot3_ws/install/my_turtlebot3_gazebo/share/my_turtlebot3_gazebo//models/turtlebot3_dqn_world/obstacle1/model.config
-- Up-to-date: /home/haruki/my_turtlebot3_ws/install/my_turtlebot3_gazebo/share/my_turtlebot3_gazebo//models/turtlebot3_dqn_world/obstacle1/model.sdf
-- Up-to-date: /home/haruki/my_turtlebot3_ws/install/my_turtlebot3_gazebo/share/my_turtlebot3_gazebo//models/turtlebot3_dqn_world/goal_box
-- Up-to-date: /home/haruki/my_turtlebot3_ws/install/my_turtlebot3_gazebo/share/my_turtlebot3_gazebo//models/turtlebot3_dqn_world/goal_box/model.config
-- Up-to-date: /home/haruki/my_turtlebot3_ws/install/my_turtlebot3_gazebo/share/my_turtlebot3_gazebo//models/turtlebot3_dqn_world/goal_box/model.sdf
-- Up-to-date: /home/haruki/my_turtlebot3_ws/install/my_turtlebot3_gazebo/share/my_turtlebot3_gazebo//models/turtlebot3_dqn_world/model.config
-- Up-to-date: /home/haruki/my_turtlebot3_ws/install/my_turtlebot3_gazebo/share/my_turtlebot3_gazebo//models/turtlebot3_dqn_world/model.sdf
-- Up-to-date: /home/haruki/my_turtlebot3_ws/install/my_turtlebot3_gazebo/share/my_turtlebot3_gazebo//models/turtlebot3_dqn_world/inner_walls
-- Up-to-date: /home/haruki/my_turtlebot3_ws/install/my_turtlebot3_gazebo/share/my_turtlebot3_gazebo//models/turtlebot3_dqn_world/inner_walls/model.config
-- Up-to-date: /home/haruki/my_turtlebot3_ws/install/my_turtlebot3_gazebo/share/my_turtlebot3_gazebo//models/turtlebot3_dqn_world/inner_walls/model.sdf
-- Up-to-date: /home/haruki/my_turtlebot3_ws/install/my_turtlebot3_gazebo/share/my_turtlebot3_gazebo//models/turtlebot3_burger
-- Up-to-date: /home/haruki/my_turtlebot3_ws/install/my_turtlebot3_gazebo/share/my_turtlebot3_gazebo//models/turtlebot3_burger/meshes
-- Up-to-date: /home/haruki/my_turtlebot3_ws/install/my_turtlebot3_gazebo/share/my_turtlebot3_gazebo//models/turtlebot3_burger/meshes/left_tire.dae
-- Up-to-date: /home/haruki/my_turtlebot3_ws/install/my_turtlebot3_gazebo/share/my_turtlebot3_gazebo//models/turtlebot3_burger/meshes/burger_base.dae
-- Up-to-date: /home/haruki/my_turtlebot3_ws/install/my_turtlebot3_gazebo/share/my_turtlebot3_gazebo//models/turtlebot3_burger/meshes/right_tire.dae
-- Up-to-date: /home/haruki/my_turtlebot3_ws/install/my_turtlebot3_gazebo/share/my_turtlebot3_gazebo//models/turtlebot3_burger/meshes/lds.dae
-- Up-to-date: /home/haruki/my_turtlebot3_ws/install/my_turtlebot3_gazebo/share/my_turtlebot3_gazebo//models/turtlebot3_burger/model.config
-- Up-to-date: /home/haruki/my_turtlebot3_ws/install/my_turtlebot3_gazebo/share/my_turtlebot3_gazebo//models/turtlebot3_burger/model.sdf
-- Up-to-date: /home/haruki/my_turtlebot3_ws/install/my_turtlebot3_gazebo/share/my_turtlebot3_gazebo//models/turtlebot3_burger/model-1_4.sdf
-- Up-to-date: /home/haruki/my_turtlebot3_ws/install/my_turtlebot3_gazebo/share/my_turtlebot3_gazebo//models/turtlebot3_waffle
-- Up-to-date: /home/haruki/my_turtlebot3_ws/install/my_turtlebot3_gazebo/share/my_turtlebot3_gazebo//models/turtlebot3_waffle/meshes
-- Up-to-date: /home/haruki/my_turtlebot3_ws/install/my_turtlebot3_gazebo/share/my_turtlebot3_gazebo//models/turtlebot3_waffle/meshes/left_tire.dae
-- Up-to-date: /home/haruki/my_turtlebot3_ws/install/my_turtlebot3_gazebo/share/my_turtlebot3_gazebo//models/turtlebot3_waffle/meshes/waffle_base.dae
-- Up-to-date: /home/haruki/my_turtlebot3_ws/install/my_turtlebot3_gazebo/share/my_turtlebot3_gazebo//models/turtlebot3_waffle/meshes/right_tire.dae
-- Up-to-date: /home/haruki/my_turtlebot3_ws/install/my_turtlebot3_gazebo/share/my_turtlebot3_gazebo//models/turtlebot3_waffle/meshes/r200.dae
-- Up-to-date: /home/haruki/my_turtlebot3_ws/install/my_turtlebot3_gazebo/share/my_turtlebot3_gazebo//models/turtlebot3_waffle/meshes/lds.dae
-- Up-to-date: /home/haruki/my_turtlebot3_ws/install/my_turtlebot3_gazebo/share/my_turtlebot3_gazebo//models/turtlebot3_waffle/model.config
-- Up-to-date: /home/haruki/my_turtlebot3_ws/install/my_turtlebot3_gazebo/share/my_turtlebot3_gazebo//models/turtlebot3_waffle/model.sdf
-- Up-to-date: /home/haruki/my_turtlebot3_ws/install/my_turtlebot3_gazebo/share/my_turtlebot3_gazebo//models/turtlebot3_waffle/model-1_4.sdf
-- Up-to-date: /home/haruki/my_turtlebot3_ws/install/my_turtlebot3_gazebo/share/my_turtlebot3_gazebo//models/turtlebot3_world
-- Up-to-date: /home/haruki/my_turtlebot3_ws/install/my_turtlebot3_gazebo/share/my_turtlebot3_gazebo//models/turtlebot3_world/meshes
-- Up-to-date: /home/haruki/my_turtlebot3_ws/install/my_turtlebot3_gazebo/share/my_turtlebot3_gazebo//models/turtlebot3_world/meshes/wall.dae
-- Up-to-date: /home/haruki/my_turtlebot3_ws/install/my_turtlebot3_gazebo/share/my_turtlebot3_gazebo//models/turtlebot3_world/meshes/hexagon.dae
-- Up-to-date: /home/haruki/my_turtlebot3_ws/install/my_turtlebot3_gazebo/share/my_turtlebot3_gazebo//models/turtlebot3_world/model.config
-- Up-to-date: /home/haruki/my_turtlebot3_ws/install/my_turtlebot3_gazebo/share/my_turtlebot3_gazebo//models/turtlebot3_world/model.sdf
-- Up-to-date: /home/haruki/my_turtlebot3_ws/install/my_turtlebot3_gazebo/share/my_turtlebot3_gazebo//models/turtlebot3_world/model-1_4.sdf
-- Up-to-date: /home/haruki/my_turtlebot3_ws/install/my_turtlebot3_gazebo/share/my_turtlebot3_gazebo//rviz
-- Up-to-date: /home/haruki/my_turtlebot3_ws/install/my_turtlebot3_gazebo/share/my_turtlebot3_gazebo//rviz/tb3_gazebo.rviz
-- Up-to-date: /home/haruki/my_turtlebot3_ws/install/my_turtlebot3_gazebo/share/my_turtlebot3_gazebo//worlds
-- Up-to-date: /home/haruki/my_turtlebot3_ws/install/my_turtlebot3_gazebo/share/my_turtlebot3_gazebo//worlds/turtlebot3_worlds
-- Up-to-date: /home/haruki/my_turtlebot3_ws/install/my_turtlebot3_gazebo/share/my_turtlebot3_gazebo//worlds/turtlebot3_worlds/waffle.model
-- Up-to-date: /home/haruki/my_turtlebot3_ws/install/my_turtlebot3_gazebo/share/my_turtlebot3_gazebo//worlds/turtlebot3_worlds/burger.model
-- Up-to-date: /home/haruki/my_turtlebot3_ws/install/my_turtlebot3_gazebo/share/my_turtlebot3_gazebo//worlds/turtlebot3_worlds/waffle_pi.model
-- Up-to-date: /home/haruki/my_turtlebot3_ws/install/my_turtlebot3_gazebo/share/my_turtlebot3_gazebo//worlds/turtlebot3_dqn_stage3
-- Up-to-date: /home/haruki/my_turtlebot3_ws/install/my_turtlebot3_gazebo/share/my_turtlebot3_gazebo//worlds/turtlebot3_dqn_stage3/waffle.model
-- Up-to-date: /home/haruki/my_turtlebot3_ws/install/my_turtlebot3_gazebo/share/my_turtlebot3_gazebo//worlds/turtlebot3_dqn_stage3/burger.model
-- Up-to-date: /home/haruki/my_turtlebot3_ws/install/my_turtlebot3_gazebo/share/my_turtlebot3_gazebo//worlds/turtlebot3_dqn_stage3/waffle_pi.model
-- Up-to-date: /home/haruki/my_turtlebot3_ws/install/my_turtlebot3_gazebo/share/my_turtlebot3_gazebo//worlds/turtlebot3_houses
-- Up-to-date: /home/haruki/my_turtlebot3_ws/install/my_turtlebot3_gazebo/share/my_turtlebot3_gazebo//worlds/turtlebot3_houses/waffle.model
-- Up-to-date: /home/haruki/my_turtlebot3_ws/install/my_turtlebot3_gazebo/share/my_turtlebot3_gazebo//worlds/turtlebot3_houses/burger.model
-- Up-to-date: /home/haruki/my_turtlebot3_ws/install/my_turtlebot3_gazebo/share/my_turtlebot3_gazebo//worlds/turtlebot3_houses/waffle_pi.model
-- Up-to-date: /home/haruki/my_turtlebot3_ws/install/my_turtlebot3_gazebo/share/my_turtlebot3_gazebo//worlds/turtlebot3_dqn_stage4
-- Up-to-date: /home/haruki/my_turtlebot3_ws/install/my_turtlebot3_gazebo/share/my_turtlebot3_gazebo//worlds/turtlebot3_dqn_stage4/waffle.model
-- Up-to-date: /home/haruki/my_turtlebot3_ws/install/my_turtlebot3_gazebo/share/my_turtlebot3_gazebo//worlds/turtlebot3_dqn_stage4/burger.model
-- Up-to-date: /home/haruki/my_turtlebot3_ws/install/my_turtlebot3_gazebo/share/my_turtlebot3_gazebo//worlds/turtlebot3_dqn_stage4/waffle_pi.model
-- Up-to-date: /home/haruki/my_turtlebot3_ws/install/my_turtlebot3_gazebo/share/my_turtlebot3_gazebo//worlds/turtlebot3_dqn_stage2
-- Up-to-date: /home/haruki/my_turtlebot3_ws/install/my_turtlebot3_gazebo/share/my_turtlebot3_gazebo//worlds/turtlebot3_dqn_stage2/waffle.model
-- Up-to-date: /home/haruki/my_turtlebot3_ws/install/my_turtlebot3_gazebo/share/my_turtlebot3_gazebo//worlds/turtlebot3_dqn_stage2/burger.model
-- Up-to-date: /home/haruki/my_turtlebot3_ws/install/my_turtlebot3_gazebo/share/my_turtlebot3_gazebo//worlds/turtlebot3_dqn_stage2/waffle_pi.model
-- Up-to-date: /home/haruki/my_turtlebot3_ws/install/my_turtlebot3_gazebo/share/my_turtlebot3_gazebo//worlds/turtlebot3_dqn_stage1
-- Up-to-date: /home/haruki/my_turtlebot3_ws/install/my_turtlebot3_gazebo/share/my_turtlebot3_gazebo//worlds/turtlebot3_dqn_stage1/waffle.model
-- Up-to-date: /home/haruki/my_turtlebot3_ws/install/my_turtlebot3_gazebo/share/my_turtlebot3_gazebo//worlds/turtlebot3_dqn_stage1/burger.model
-- Up-to-date: /home/haruki/my_turtlebot3_ws/install/my_turtlebot3_gazebo/share/my_turtlebot3_gazebo//worlds/turtlebot3_dqn_stage1/waffle_pi.model
-- Up-to-date: /home/haruki/my_turtlebot3_ws/install/my_turtlebot3_gazebo/share/my_turtlebot3_gazebo//worlds/empty_worlds
-- Up-to-date: /home/haruki/my_turtlebot3_ws/install/my_turtlebot3_gazebo/share/my_turtlebot3_gazebo//worlds/empty_worlds/waffle.model
-- Up-to-date: /home/haruki/my_turtlebot3_ws/install/my_turtlebot3_gazebo/share/my_turtlebot3_gazebo//worlds/empty_worlds/burger.model
-- Up-to-date: /home/haruki/my_turtlebot3_ws/install/my_turtlebot3_gazebo/share/my_turtlebot3_gazebo//worlds/empty_worlds/waffle_pi.model
-- Up-to-date: /home/haruki/my_turtlebot3_ws/install/my_turtlebot3_gazebo/share/my_turtlebot3_gazebo//worlds/turtlebot3_autoraces
-- Up-to-date: /home/haruki/my_turtlebot3_ws/install/my_turtlebot3_gazebo/share/my_turtlebot3_gazebo//worlds/turtlebot3_autoraces/waffle.model
-- Up-to-date: /home/haruki/my_turtlebot3_ws/install/my_turtlebot3_gazebo/share/my_turtlebot3_gazebo//worlds/turtlebot3_autoraces/burger.model
-- Up-to-date: /home/haruki/my_turtlebot3_ws/install/my_turtlebot3_gazebo/share/my_turtlebot3_gazebo//worlds/turtlebot3_autoraces/waffle_pi.model
-- Up-to-date: /home/haruki/my_turtlebot3_ws/install/my_turtlebot3_gazebo/include/
-- Up-to-date: /home/haruki/my_turtlebot3_ws/install/my_turtlebot3_gazebo/include//turtlebot3_gazebo
-- Up-to-date: /home/haruki/my_turtlebot3_ws/install/my_turtlebot3_gazebo/include//turtlebot3_gazebo/turtlebot3_drive.hpp
-- Up-to-date: /home/haruki/my_turtlebot3_ws/install/my_turtlebot3_gazebo/share/ament_index/resource_index/package_run_dependencies/my_turtlebot3_gazebo
-- Up-to-date: /home/haruki/my_turtlebot3_ws/install/my_turtlebot3_gazebo/share/ament_index/resource_index/parent_prefix_path/my_turtlebot3_gazebo
-- Up-to-date: /home/haruki/my_turtlebot3_ws/install/my_turtlebot3_gazebo/share/my_turtlebot3_gazebo/environment/ament_prefix_path.sh
-- Up-to-date: /home/haruki/my_turtlebot3_ws/install/my_turtlebot3_gazebo/share/my_turtlebot3_gazebo/environment/ament_prefix_path.dsv
-- Up-to-date: /home/haruki/my_turtlebot3_ws/install/my_turtlebot3_gazebo/share/my_turtlebot3_gazebo/environment/path.sh
-- Up-to-date: /home/haruki/my_turtlebot3_ws/install/my_turtlebot3_gazebo/share/my_turtlebot3_gazebo/environment/path.dsv
-- Up-to-date: /home/haruki/my_turtlebot3_ws/install/my_turtlebot3_gazebo/share/my_turtlebot3_gazebo/local_setup.bash
-- Up-to-date: /home/haruki/my_turtlebot3_ws/install/my_turtlebot3_gazebo/share/my_turtlebot3_gazebo/local_setup.sh
-- Up-to-date: /home/haruki/my_turtlebot3_ws/install/my_turtlebot3_gazebo/share/my_turtlebot3_gazebo/local_setup.zsh
-- Up-to-date: /home/haruki/my_turtlebot3_ws/install/my_turtlebot3_gazebo/share/my_turtlebot3_gazebo/local_setup.dsv
-- Installing: /home/haruki/my_turtlebot3_ws/install/my_turtlebot3_gazebo/share/my_turtlebot3_gazebo/package.dsv
-- Up-to-date: /home/haruki/my_turtlebot3_ws/install/my_turtlebot3_gazebo/share/ament_index/resource_index/packages/my_turtlebot3_gazebo
-- Up-to-date: /home/haruki/my_turtlebot3_ws/install/my_turtlebot3_gazebo/share/my_turtlebot3_gazebo/cmake/ament_cmake_export_include_directories-extras.cmake
-- Up-to-date: /home/haruki/my_turtlebot3_ws/install/my_turtlebot3_gazebo/share/my_turtlebot3_gazebo/cmake/ament_cmake_export_dependencies-extras.cmake
-- Up-to-date: /home/haruki/my_turtlebot3_ws/install/my_turtlebot3_gazebo/share/my_turtlebot3_gazebo/cmake/my_turtlebot3_gazeboConfig.cmake
-- Up-to-date: /home/haruki/my_turtlebot3_ws/install/my_turtlebot3_gazebo/share/my_turtlebot3_gazebo/cmake/my_turtlebot3_gazeboConfig-version.cmake
-- Up-to-date: /home/haruki/my_turtlebot3_ws/install/my_turtlebot3_gazebo/share/my_turtlebot3_gazebo/package.xml
