[0.210s] Invoking command in '/home/haruki/my_turtlebot3_ws/build/py_turtlebot3_gazebo': PYTHONPATH=/home/haruki/my_turtlebot3_ws/install/py_turtlebot3_gazebo/lib/python3.8/site-packages:${PYTHONPATH} /usr/bin/python3 setup.py develop --prefix /home/haruki/my_turtlebot3_ws/install/py_turtlebot3_gazebo --uninstall --editable --build-directory /home/haruki/my_turtlebot3_ws/build/py_turtlebot3_gazebo/build
[0.401s] running develop
[0.532s] Invoked command in '/home/haruki/my_turtlebot3_ws/build/py_turtlebot3_gazebo' returned '0': PYTHONPATH=/home/haruki/my_turtlebot3_ws/install/py_turtlebot3_gazebo/lib/python3.8/site-packages:${PYTHONPATH} /usr/bin/python3 setup.py develop --prefix /home/haruki/my_turtlebot3_ws/install/py_turtlebot3_gazebo --uninstall --editable --build-directory /home/haruki/my_turtlebot3_ws/build/py_turtlebot3_gazebo/build
[0.533s] Invoking command in '/home/haruki/my_turtlebot3_ws/src/py_turtlebot3_gazebo': PYTHONPATH=/home/haruki/my_turtlebot3_ws/install/py_turtlebot3_gazebo/lib/python3.8/site-packages:${PYTHONPATH} /usr/bin/python3 setup.py egg_info --egg-base /home/haruki/my_turtlebot3_ws/build/py_turtlebot3_gazebo build --build-base /home/haruki/my_turtlebot3_ws/build/py_turtlebot3_gazebo/build install --prefix /home/haruki/my_turtlebot3_ws/install/py_turtlebot3_gazebo --record /home/haruki/my_turtlebot3_ws/build/py_turtlebot3_gazebo/install.log --single-version-externally-managed
[0.709s] running egg_info
[0.710s] writing /home/haruki/my_turtlebot3_ws/build/py_turtlebot3_gazebo/py_turtlebot3_gazebo.egg-info/PKG-INFO
[0.710s] writing dependency_links to /home/haruki/my_turtlebot3_ws/build/py_turtlebot3_gazebo/py_turtlebot3_gazebo.egg-info/dependency_links.txt
[0.710s] writing entry points to /home/haruki/my_turtlebot3_ws/build/py_turtlebot3_gazebo/py_turtlebot3_gazebo.egg-info/entry_points.txt
[0.710s] writing requirements to /home/haruki/my_turtlebot3_ws/build/py_turtlebot3_gazebo/py_turtlebot3_gazebo.egg-info/requires.txt
[0.710s] writing top-level names to /home/haruki/my_turtlebot3_ws/build/py_turtlebot3_gazebo/py_turtlebot3_gazebo.egg-info/top_level.txt
[0.736s] reading manifest file '/home/haruki/my_turtlebot3_ws/build/py_turtlebot3_gazebo/py_turtlebot3_gazebo.egg-info/SOURCES.txt'
[0.736s] writing manifest file '/home/haruki/my_turtlebot3_ws/build/py_turtlebot3_gazebo/py_turtlebot3_gazebo.egg-info/SOURCES.txt'
[0.736s] running build
[0.736s] running build_py
[0.737s] running install
[0.737s] running install_lib
[0.738s] running install_data
[0.739s] running install_egg_info
[0.740s] removing '/home/haruki/my_turtlebot3_ws/install/py_turtlebot3_gazebo/lib/python3.8/site-packages/py_turtlebot3_gazebo-0.0.0-py3.8.egg-info' (and everything under it)
[0.740s] Copying /home/haruki/my_turtlebot3_ws/build/py_turtlebot3_gazebo/py_turtlebot3_gazebo.egg-info to /home/haruki/my_turtlebot3_ws/install/py_turtlebot3_gazebo/lib/python3.8/site-packages/py_turtlebot3_gazebo-0.0.0-py3.8.egg-info
[0.741s] running install_scripts
[0.754s] Installing marker script to /home/haruki/my_turtlebot3_ws/install/py_turtlebot3_gazebo/lib/py_turtlebot3_gazebo
[0.755s] Installing particles_ctrl script to /home/haruki/my_turtlebot3_ws/install/py_turtlebot3_gazebo/lib/py_turtlebot3_gazebo
[0.755s] Installing py_turtlebot3_drive script to /home/haruki/my_turtlebot3_ws/install/py_turtlebot3_gazebo/lib/py_turtlebot3_gazebo
[0.755s] Installing py_turtlebot3_sub script to /home/haruki/my_turtlebot3_ws/install/py_turtlebot3_gazebo/lib/py_turtlebot3_gazebo
[0.755s] writing list of installed files to '/home/haruki/my_turtlebot3_ws/build/py_turtlebot3_gazebo/install.log'
[0.770s] Invoked command in '/home/haruki/my_turtlebot3_ws/src/py_turtlebot3_gazebo' returned '0': PYTHONPATH=/home/haruki/my_turtlebot3_ws/install/py_turtlebot3_gazebo/lib/python3.8/site-packages:${PYTHONPATH} /usr/bin/python3 setup.py egg_info --egg-base /home/haruki/my_turtlebot3_ws/build/py_turtlebot3_gazebo build --build-base /home/haruki/my_turtlebot3_ws/build/py_turtlebot3_gazebo/build install --prefix /home/haruki/my_turtlebot3_ws/install/py_turtlebot3_gazebo --record /home/haruki/my_turtlebot3_ws/build/py_turtlebot3_gazebo/install.log --single-version-externally-managed
