[0.220s] Invoking command in '/home/haruki/my_turtlebot3_ws/build/py_turtlebot3_gazebo': PYTHONPATH=/home/haruki/my_turtlebot3_ws/install/py_turtlebot3_gazebo/lib/python3.8/site-packages:${PYTHONPATH} /usr/bin/python3 setup.py develop --prefix /home/haruki/my_turtlebot3_ws/install/py_turtlebot3_gazebo --uninstall --editable --build-directory /home/haruki/my_turtlebot3_ws/build/py_turtlebot3_gazebo/build
[0.434s] running develop
[0.578s] Invoked command in '/home/haruki/my_turtlebot3_ws/build/py_turtlebot3_gazebo' returned '0': PYTHONPATH=/home/haruki/my_turtlebot3_ws/install/py_turtlebot3_gazebo/lib/python3.8/site-packages:${PYTHONPATH} /usr/bin/python3 setup.py develop --prefix /home/haruki/my_turtlebot3_ws/install/py_turtlebot3_gazebo --uninstall --editable --build-directory /home/haruki/my_turtlebot3_ws/build/py_turtlebot3_gazebo/build
[0.578s] Invoking command in '/home/haruki/my_turtlebot3_ws/src/py_turtlebot3_gazebo': PYTHONPATH=/home/haruki/my_turtlebot3_ws/install/py_turtlebot3_gazebo/lib/python3.8/site-packages:${PYTHONPATH} /usr/bin/python3 setup.py egg_info --egg-base /home/haruki/my_turtlebot3_ws/build/py_turtlebot3_gazebo build --build-base /home/haruki/my_turtlebot3_ws/build/py_turtlebot3_gazebo/build install --prefix /home/haruki/my_turtlebot3_ws/install/py_turtlebot3_gazebo --record /home/haruki/my_turtlebot3_ws/build/py_turtlebot3_gazebo/install.log --single-version-externally-managed
[0.777s] running egg_info
[0.778s] writing /home/haruki/my_turtlebot3_ws/build/py_turtlebot3_gazebo/py_turtlebot3_gazebo.egg-info/PKG-INFO
[0.778s] writing dependency_links to /home/haruki/my_turtlebot3_ws/build/py_turtlebot3_gazebo/py_turtlebot3_gazebo.egg-info/dependency_links.txt
[0.778s] writing entry points to /home/haruki/my_turtlebot3_ws/build/py_turtlebot3_gazebo/py_turtlebot3_gazebo.egg-info/entry_points.txt
[0.779s] writing requirements to /home/haruki/my_turtlebot3_ws/build/py_turtlebot3_gazebo/py_turtlebot3_gazebo.egg-info/requires.txt
[0.779s] writing top-level names to /home/haruki/my_turtlebot3_ws/build/py_turtlebot3_gazebo/py_turtlebot3_gazebo.egg-info/top_level.txt
[0.807s] reading manifest file '/home/haruki/my_turtlebot3_ws/build/py_turtlebot3_gazebo/py_turtlebot3_gazebo.egg-info/SOURCES.txt'
[0.807s] writing manifest file '/home/haruki/my_turtlebot3_ws/build/py_turtlebot3_gazebo/py_turtlebot3_gazebo.egg-info/SOURCES.txt'
[0.808s] running build
[0.808s] running build_py
[0.808s] copying py_turtlebot3_gazebo/particles_ctrl.py -> /home/haruki/my_turtlebot3_ws/build/py_turtlebot3_gazebo/build/lib/py_turtlebot3_gazebo
[0.808s] running install
[0.809s] running install_lib
[0.809s] copying /home/haruki/my_turtlebot3_ws/build/py_turtlebot3_gazebo/build/lib/py_turtlebot3_gazebo/particles_ctrl.py -> /home/haruki/my_turtlebot3_ws/install/py_turtlebot3_gazebo/lib/python3.8/site-packages/py_turtlebot3_gazebo
[0.810s] byte-compiling /home/haruki/my_turtlebot3_ws/install/py_turtlebot3_gazebo/lib/python3.8/site-packages/py_turtlebot3_gazebo/particles_ctrl.py to particles_ctrl.cpython-38.pyc
[0.811s] running install_data
[0.812s] running install_egg_info
[0.814s] removing '/home/haruki/my_turtlebot3_ws/install/py_turtlebot3_gazebo/lib/python3.8/site-packages/py_turtlebot3_gazebo-0.0.0-py3.8.egg-info' (and everything under it)
[0.814s] Copying /home/haruki/my_turtlebot3_ws/build/py_turtlebot3_gazebo/py_turtlebot3_gazebo.egg-info to /home/haruki/my_turtlebot3_ws/install/py_turtlebot3_gazebo/lib/python3.8/site-packages/py_turtlebot3_gazebo-0.0.0-py3.8.egg-info
[0.814s] running install_scripts
[0.829s] Installing marker script to /home/haruki/my_turtlebot3_ws/install/py_turtlebot3_gazebo/lib/py_turtlebot3_gazebo
[0.829s] Installing particles_ctrl script to /home/haruki/my_turtlebot3_ws/install/py_turtlebot3_gazebo/lib/py_turtlebot3_gazebo
[0.830s] Installing py_turtlebot3_drive script to /home/haruki/my_turtlebot3_ws/install/py_turtlebot3_gazebo/lib/py_turtlebot3_gazebo
[0.830s] Installing py_turtlebot3_sub script to /home/haruki/my_turtlebot3_ws/install/py_turtlebot3_gazebo/lib/py_turtlebot3_gazebo
[0.830s] writing list of installed files to '/home/haruki/my_turtlebot3_ws/build/py_turtlebot3_gazebo/install.log'
[0.848s] Invoked command in '/home/haruki/my_turtlebot3_ws/src/py_turtlebot3_gazebo' returned '0': PYTHONPATH=/home/haruki/my_turtlebot3_ws/install/py_turtlebot3_gazebo/lib/python3.8/site-packages:${PYTHONPATH} /usr/bin/python3 setup.py egg_info --egg-base /home/haruki/my_turtlebot3_ws/build/py_turtlebot3_gazebo build --build-base /home/haruki/my_turtlebot3_ws/build/py_turtlebot3_gazebo/build install --prefix /home/haruki/my_turtlebot3_ws/install/py_turtlebot3_gazebo --record /home/haruki/my_turtlebot3_ws/build/py_turtlebot3_gazebo/install.log --single-version-externally-managed
